#
# There is insufficient memory for the Java Runtime Environment to continue.
# Native memory allocation (malloc) failed to allocate 1263376 bytes for Chunk::new
# Possible reasons:
#   The system is out of physical RAM or swap space
#   The process is running with CompressedOops enabled, and the Java Heap may be blocking the growth of the native heap
# Possible solutions:
#   Reduce memory load on the system
#   Increase physical memory or swap space
#   Check if swap backing store is full
#   Decrease Java heap size (-Xmx/-Xms)
#   Decrease number of Java threads
#   Decrease Java thread stack sizes (-Xss)
#   Set larger code cache with -XX:ReservedCodeCacheSize=
#   JVM is running with Zero Based Compressed Oops mode in which the Java heap is
#     placed in the first 32GB address space. The Java Heap base address is the
#     maximum limit for the native heap growth. Please use -XX:HeapBaseMinAddress
#     to set the Java Heap base and to place the Java Heap above 32GB virtual address.
# This output file may be truncated or incomplete.
#
#  Out of Memory Error (t:/workspace/open/src/hotspot/share/memory/arena.cpp:197), pid=17736, tid=18564
#
# JRE version: Java(TM) SE Runtime Environment (11.0.1+13) (build 11.0.1+13-LTS)
# Java VM: Java HotSpot(TM) 64-Bit Server VM (11.0.1+13-LTS, mixed mode, tiered, compressed oops, g1 gc, windows-amd64)
# No core dump will be written. Minidumps are not enabled by default on client versions of Windows
#

---------------  S U M M A R Y ------------

Command Line: QLTN.UI.HomeJFrame

Host: Intel(R) Core(TM) i7-10750H CPU @ 2.60GHz, 12 cores, 15G,  Windows 10 , 64 bit Build 19041 (10.0.19041.5794)
Time: Sun May 25 15:47:14 2025 SE Asia Standard Time elapsed time: 22 seconds (0d 0h 0m 22s)

---------------  T H R E A D  ---------------

Current thread (0x000002bec086b000):  JavaThread "C2 CompilerThread0" daemon [_thread_in_native, id=18564, stack(0x000000d108b00000,0x000000d108c00000)]


Current CompileTask:
C2:  22266 3395   !   4       javax.swing.JComponent::paint (409 bytes)

Stack: [0x000000d108b00000,0x000000d108c00000]
Native frames: (J=compiled Java code, j=interpreted, Vv=VM code, C=native code)
V  [jvm.dll+0x63c21a]
V  [jvm.dll+0x7797df]
V  [jvm.dll+0x77adca]
V  [jvm.dll+0x77b483]
V  [jvm.dll+0x2627f8]
V  [jvm.dll+0xc5c71]
V  [jvm.dll+0xc61fc]
V  [jvm.dll+0x36f862]
V  [jvm.dll+0x1ad5af]
V  [jvm.dll+0x21c8d2]
V  [jvm.dll+0x21b96a]
V  [jvm.dll+0x198390]
V  [jvm.dll+0x22a97f]
V  [jvm.dll+0x228f98]
V  [jvm.dll+0x73f03d]
V  [jvm.dll+0x63b2b2]
C  [ucrtbase.dll+0x21bb2]
C  [KERNEL32.DLL+0x17374]
C  [ntdll.dll+0x4cc91]


---------------  P R O C E S S  ---------------

Threads class SMR info:
_java_thread_list=0x000002bec330d4f0, length=17, elements={
0x000002bebff5e800, 0x000002bebff67800, 0x000002bec0867000, 0x000002bec0869000,
0x000002bec086b000, 0x000002bec0876800, 0x000002bec087b000, 0x000002bec09e1800,
0x000002bec0a0d000, 0x000002bec0ecb000, 0x000002bec0ece000, 0x000002bec0ecf000,
0x000002bec0f65800, 0x000002bec0f64800, 0x000002bec369c800, 0x000002be9a38c000,
0x000002bec1420800
}

Java Threads: ( => current thread )
  0x000002bebff5e800 JavaThread "Reference Handler" daemon [_thread_blocked, id=10844, stack(0x000000d108700000,0x000000d108800000)]
  0x000002bebff67800 JavaThread "Finalizer" daemon [_thread_blocked, id=18132, stack(0x000000d108800000,0x000000d108900000)]
  0x000002bec0867000 JavaThread "Signal Dispatcher" daemon [_thread_blocked, id=18644, stack(0x000000d108900000,0x000000d108a00000)]
  0x000002bec0869000 JavaThread "Attach Listener" daemon [_thread_blocked, id=8528, stack(0x000000d108a00000,0x000000d108b00000)]
=>0x000002bec086b000 JavaThread "C2 CompilerThread0" daemon [_thread_in_native, id=18564, stack(0x000000d108b00000,0x000000d108c00000)]
  0x000002bec0876800 JavaThread "C1 CompilerThread0" daemon [_thread_blocked, id=4720, stack(0x000000d108c00000,0x000000d108d00000)]
  0x000002bec087b000 JavaThread "Sweeper thread" daemon [_thread_blocked, id=18604, stack(0x000000d108d00000,0x000000d108e00000)]
  0x000002bec09e1800 JavaThread "Service Thread" daemon [_thread_blocked, id=21384, stack(0x000000d108e00000,0x000000d108f00000)]
  0x000002bec0a0d000 JavaThread "Common-Cleaner" daemon [_thread_blocked, id=11380, stack(0x000000d109000000,0x000000d109100000)]
  0x000002bec0ecb000 JavaThread "Java2D Disposer" daemon [_thread_blocked, id=7844, stack(0x000000d109100000,0x000000d109200000)]
  0x000002bec0ece000 JavaThread "AWT-Shutdown" [_thread_blocked, id=14516, stack(0x000000d109200000,0x000000d109300000)]
  0x000002bec0ecf000 JavaThread "AWT-Windows" daemon [_thread_in_native, id=14912, stack(0x000000d109300000,0x000000d109400000)]
  0x000002bec0f65800 JavaThread "EventQueueMonitor-ComponentEvtDispatch" daemon [_thread_blocked, id=3952, stack(0x000000d109400000,0x000000d109500000)]
  0x000002bec0f64800 JavaThread "Thread-1" daemon [_thread_in_native, id=18504, stack(0x000000d109500000,0x000000d109600000)]
  0x000002bec369c800 JavaThread "AWT-EventQueue-0" [_thread_blocked, id=19276, stack(0x000000d109700000,0x000000d109800000)]
  0x000002be9a38c000 JavaThread "DestroyJavaVM" [_thread_blocked, id=19052, stack(0x000000d108000000,0x000000d108100000)]
  0x000002bec1420800 JavaThread "TimerQueue" daemon [_thread_blocked, id=11112, stack(0x000000d109800000,0x000000d109900000)]

Other Threads:
  0x000002bebff42000 VMThread "VM Thread" [stack: 0x000000d108600000,0x000000d108700000] [id=20412]
  0x000002bec0a0a000 WatcherThread [stack: 0x000000d108f00000,0x000000d109000000] [id=17028]
  0x000002be9a3a4800 GCTaskThread "GC Thread#0" [stack: 0x000000d108100000,0x000000d108200000] [id=5920]
  0x000002bec304a800 GCTaskThread "GC Thread#1" [stack: 0x000000d109c00000,0x000000d109d00000] [id=10840]
  0x000002bec3641800 GCTaskThread "GC Thread#2" [stack: 0x000000d109d00000,0x000000d109e00000] [id=17668]
  0x000002bec32ba000 GCTaskThread "GC Thread#3" [stack: 0x000000d109e00000,0x000000d109f00000] [id=18740]
  0x000002bec13d1800 GCTaskThread "GC Thread#4" [stack: 0x000000d109f00000,0x000000d10a000000] [id=11576]
  0x000002bec147c000 GCTaskThread "GC Thread#5" [stack: 0x000000d10a000000,0x000000d10a100000] [id=21464]
  0x000002be9a404000 ConcurrentGCThread "G1 Main Marker" [stack: 0x000000d108200000,0x000000d108300000] [id=8052]
  0x000002be9a406800 ConcurrentGCThread "G1 Conc#0" [stack: 0x000000d108300000,0x000000d108400000] [id=15532]
  0x000002bec0c88800 ConcurrentGCThread "G1 Conc#1" [stack: 0x000000d10a100000,0x000000d10a200000] [id=14444]
  0x000002bec0efd000 ConcurrentGCThread "G1 Conc#2" [stack: 0x000000d10a200000,0x000000d10a300000] [id=2956]
  0x000002bebfe46000 ConcurrentGCThread "G1 Refine#0" [stack: 0x000000d108400000,0x000000d108500000] [id=20224]
  0x000002bebfe47000 ConcurrentGCThread "G1 Young RemSet Sampling" [stack: 0x000000d108500000,0x000000d108600000] [id=1716]

Threads with active compile tasks:
C2 CompilerThread03395   !   4       javax.swing.JComponent::paint (409 bytes)

VM state:not at safepoint (normal execution)

VM Mutex/Monitor currently owned by a thread: None

Heap address: 0x0000000702c00000, size: 4052 MB, Compressed Oops mode: Zero based, Oop shift amount: 3
Narrow klass base: 0x0000000800000000, Narrow klass shift: 0
Compressed class space size: 1073741824 Address: 0x0000000800000000

Heap:
 garbage-first heap   total 260096K, used 53021K [0x0000000702c00000, 0x0000000800000000)
  region size 1024K, 36 young (36864K), 2 survivors (2048K)
 Metaspace       used 29447K, capacity 30019K, committed 30128K, reserved 1077248K
  class space    used 3069K, capacity 3321K, committed 3328K, reserved 1048576K
Heap Regions: E=young(eden), S=young(survivor), O=old, HS=humongous(starts), HC=humongous(continues), CS=collection set, F=free, A=archive, TAMS=top-at-mark-start (previous, next)
|   0|0x0000000702c00000, 0x0000000702d00000, 0x0000000702d00000|100%|HS|  |TAMS 0x0000000702d00000, 0x0000000702c00000| Complete 
|   1|0x0000000702d00000, 0x0000000702e00000, 0x0000000702e00000|100%|HC|  |TAMS 0x0000000702e00000, 0x0000000702d00000| Complete 
|   2|0x0000000702e00000, 0x0000000702f00000, 0x0000000702f00000|100%| O|  |TAMS 0x0000000702f00000, 0x0000000702e00000| Untracked 
|   3|0x0000000702f00000, 0x0000000703000000, 0x0000000703000000|100%| O|  |TAMS 0x0000000702f82000, 0x0000000702f00000| Untracked 
|   4|0x0000000703000000, 0x0000000703100000, 0x0000000703100000|100%| O|  |TAMS 0x0000000703000000, 0x0000000703000000| Untracked 
|   5|0x0000000703100000, 0x0000000703200000, 0x0000000703200000|100%| O|  |TAMS 0x0000000703100000, 0x0000000703100000| Untracked 
|   6|0x0000000703200000, 0x0000000703285800, 0x0000000703300000| 52%| O|  |TAMS 0x0000000703200000, 0x0000000703200000| Untracked 
|   7|0x0000000703300000, 0x0000000703400000, 0x0000000703400000|100%|HS|  |TAMS 0x0000000703300000, 0x0000000703300000| Complete 
|   8|0x0000000703400000, 0x0000000703500000, 0x0000000703500000|100%|HC|  |TAMS 0x0000000703400000, 0x0000000703400000| Complete 
|   9|0x0000000703500000, 0x0000000703600000, 0x0000000703600000|100%|HS|  |TAMS 0x0000000703500000, 0x0000000703500000| Complete 
|  10|0x0000000703600000, 0x0000000703700000, 0x0000000703700000|100%|HC|  |TAMS 0x0000000703600000, 0x0000000703600000| Complete 
|  11|0x0000000703700000, 0x0000000703800000, 0x0000000703800000|100%|HS|  |TAMS 0x0000000703700000, 0x0000000703700000| Complete 
|  12|0x0000000703800000, 0x0000000703900000, 0x0000000703900000|100%|HC|  |TAMS 0x0000000703800000, 0x0000000703800000| Complete 
|  13|0x0000000703900000, 0x0000000703a00000, 0x0000000703a00000|100%|HS|  |TAMS 0x0000000703900000, 0x0000000703900000| Complete 
|  14|0x0000000703a00000, 0x0000000703b00000, 0x0000000703b00000|100%|HC|  |TAMS 0x0000000703a00000, 0x0000000703a00000| Complete 
|  15|0x0000000703b00000, 0x0000000703c00000, 0x0000000703c00000|100%|HC|  |TAMS 0x0000000703b00000, 0x0000000703b00000| Complete 
|  16|0x0000000703c00000, 0x0000000703d00000, 0x0000000703d00000|100%|HC|  |TAMS 0x0000000703c00000, 0x0000000703c00000| Complete 
|  17|0x0000000703d00000, 0x0000000703e00000, 0x0000000703e00000|100%|HC|  |TAMS 0x0000000703d00000, 0x0000000703d00000| Complete 
|  18|0x0000000703e00000, 0x0000000703e00000, 0x0000000703f00000|  0%| F|  |TAMS 0x0000000703e00000, 0x0000000703e00000| Untracked 
|  19|0x0000000703f00000, 0x0000000703f00000, 0x0000000704000000|  0%| F|  |TAMS 0x0000000703f00000, 0x0000000703f00000| Untracked 
|  20|0x0000000704000000, 0x0000000704000000, 0x0000000704100000|  0%| F|  |TAMS 0x0000000704000000, 0x0000000704000000| Untracked 
|  21|0x0000000704100000, 0x0000000704100000, 0x0000000704200000|  0%| F|  |TAMS 0x0000000704100000, 0x0000000704100000| Untracked 
|  22|0x0000000704200000, 0x0000000704200000, 0x0000000704300000|  0%| F|  |TAMS 0x0000000704200000, 0x0000000704200000| Untracked 
|  23|0x0000000704300000, 0x0000000704300000, 0x0000000704400000|  0%| F|  |TAMS 0x0000000704300000, 0x0000000704300000| Untracked 
|  24|0x0000000704400000, 0x0000000704400000, 0x0000000704500000|  0%| F|  |TAMS 0x0000000704400000, 0x0000000704400000| Untracked 
|  25|0x0000000704500000, 0x0000000704500000, 0x0000000704600000|  0%| F|  |TAMS 0x0000000704500000, 0x0000000704500000| Untracked 
|  26|0x0000000704600000, 0x0000000704600000, 0x0000000704700000|  0%| F|  |TAMS 0x0000000704600000, 0x0000000704600000| Untracked 
|  27|0x0000000704700000, 0x0000000704700000, 0x0000000704800000|  0%| F|  |TAMS 0x0000000704700000, 0x0000000704700000| Untracked 
|  28|0x0000000704800000, 0x0000000704800000, 0x0000000704900000|  0%| F|  |TAMS 0x0000000704800000, 0x0000000704800000| Untracked 
|  29|0x0000000704900000, 0x0000000704900000, 0x0000000704a00000|  0%| F|  |TAMS 0x0000000704900000, 0x0000000704900000| Untracked 
|  30|0x0000000704a00000, 0x0000000704a00000, 0x0000000704b00000|  0%| F|  |TAMS 0x0000000704a00000, 0x0000000704a00000| Untracked 
|  31|0x0000000704b00000, 0x0000000704b00000, 0x0000000704c00000|  0%| F|  |TAMS 0x0000000704b00000, 0x0000000704b00000| Untracked 
|  32|0x0000000704c00000, 0x0000000704c00000, 0x0000000704d00000|  0%| F|  |TAMS 0x0000000704c00000, 0x0000000704c00000| Untracked 
|  33|0x0000000704d00000, 0x0000000704d00000, 0x0000000704e00000|  0%| F|  |TAMS 0x0000000704d00000, 0x0000000704d00000| Untracked 
|  34|0x0000000704e00000, 0x0000000704e00000, 0x0000000704f00000|  0%| F|  |TAMS 0x0000000704e00000, 0x0000000704e00000| Untracked 
|  35|0x0000000704f00000, 0x0000000704f00000, 0x0000000705000000|  0%| F|  |TAMS 0x0000000704f00000, 0x0000000704f00000| Untracked 
|  36|0x0000000705000000, 0x0000000705000000, 0x0000000705100000|  0%| F|  |TAMS 0x0000000705000000, 0x0000000705000000| Untracked 
|  37|0x0000000705100000, 0x0000000705100000, 0x0000000705200000|  0%| F|  |TAMS 0x0000000705100000, 0x0000000705100000| Untracked 
|  38|0x0000000705200000, 0x0000000705200000, 0x0000000705300000|  0%| F|  |TAMS 0x0000000705200000, 0x0000000705200000| Untracked 
|  39|0x0000000705300000, 0x0000000705300000, 0x0000000705400000|  0%| F|  |TAMS 0x0000000705300000, 0x0000000705300000| Untracked 
|  40|0x0000000705400000, 0x0000000705400000, 0x0000000705500000|  0%| F|  |TAMS 0x0000000705400000, 0x0000000705400000| Untracked 
|  41|0x0000000705500000, 0x0000000705500000, 0x0000000705600000|  0%| F|  |TAMS 0x0000000705500000, 0x0000000705500000| Untracked 
|  42|0x0000000705600000, 0x0000000705600000, 0x0000000705700000|  0%| F|  |TAMS 0x0000000705600000, 0x0000000705600000| Untracked 
|  43|0x0000000705700000, 0x0000000705700000, 0x0000000705800000|  0%| F|  |TAMS 0x0000000705700000, 0x0000000705700000| Untracked 
|  44|0x0000000705800000, 0x0000000705800000, 0x0000000705900000|  0%| F|  |TAMS 0x0000000705800000, 0x0000000705800000| Untracked 
|  45|0x0000000705900000, 0x0000000705900000, 0x0000000705a00000|  0%| F|  |TAMS 0x0000000705900000, 0x0000000705900000| Untracked 
|  46|0x0000000705a00000, 0x0000000705a00000, 0x0000000705b00000|  0%| F|  |TAMS 0x0000000705a00000, 0x0000000705a00000| Untracked 
|  47|0x0000000705b00000, 0x0000000705b00000, 0x0000000705c00000|  0%| F|  |TAMS 0x0000000705b00000, 0x0000000705b00000| Untracked 
|  48|0x0000000705c00000, 0x0000000705c00000, 0x0000000705d00000|  0%| F|  |TAMS 0x0000000705c00000, 0x0000000705c00000| Untracked 
|  49|0x0000000705d00000, 0x0000000705d00000, 0x0000000705e00000|  0%| F|  |TAMS 0x0000000705d00000, 0x0000000705d00000| Untracked 
|  50|0x0000000705e00000, 0x0000000705e00000, 0x0000000705f00000|  0%| F|  |TAMS 0x0000000705e00000, 0x0000000705e00000| Untracked 
|  51|0x0000000705f00000, 0x0000000705f00000, 0x0000000706000000|  0%| F|  |TAMS 0x0000000705f00000, 0x0000000705f00000| Untracked 
|  52|0x0000000706000000, 0x0000000706000000, 0x0000000706100000|  0%| F|  |TAMS 0x0000000706000000, 0x0000000706000000| Untracked 
|  53|0x0000000706100000, 0x0000000706100000, 0x0000000706200000|  0%| F|  |TAMS 0x0000000706100000, 0x0000000706100000| Untracked 
|  54|0x0000000706200000, 0x0000000706200000, 0x0000000706300000|  0%| F|  |TAMS 0x0000000706200000, 0x0000000706200000| Untracked 
|  55|0x0000000706300000, 0x0000000706300000, 0x0000000706400000|  0%| F|  |TAMS 0x0000000706300000, 0x0000000706300000| Untracked 
|  56|0x0000000706400000, 0x0000000706400000, 0x0000000706500000|  0%| F|  |TAMS 0x0000000706400000, 0x0000000706400000| Untracked 
|  57|0x0000000706500000, 0x0000000706500000, 0x0000000706600000|  0%| F|  |TAMS 0x0000000706500000, 0x0000000706500000| Untracked 
|  58|0x0000000706600000, 0x0000000706600000, 0x0000000706700000|  0%| F|  |TAMS 0x0000000706600000, 0x0000000706600000| Untracked 
|  59|0x0000000706700000, 0x0000000706700000, 0x0000000706800000|  0%| F|  |TAMS 0x0000000706700000, 0x0000000706700000| Untracked 
|  60|0x0000000706800000, 0x0000000706800000, 0x0000000706900000|  0%| F|  |TAMS 0x0000000706800000, 0x0000000706800000| Untracked 
|  61|0x0000000706900000, 0x0000000706900000, 0x0000000706a00000|  0%| F|  |TAMS 0x0000000706900000, 0x0000000706900000| Untracked 
|  62|0x0000000706a00000, 0x0000000706a00000, 0x0000000706b00000|  0%| F|  |TAMS 0x0000000706a00000, 0x0000000706a00000| Untracked 
|  63|0x0000000706b00000, 0x0000000706b00000, 0x0000000706c00000|  0%| F|  |TAMS 0x0000000706b00000, 0x0000000706b00000| Untracked 
|  64|0x0000000706c00000, 0x0000000706c00000, 0x0000000706d00000|  0%| F|  |TAMS 0x0000000706c00000, 0x0000000706c00000| Untracked 
|  65|0x0000000706d00000, 0x0000000706d00000, 0x0000000706e00000|  0%| F|  |TAMS 0x0000000706d00000, 0x0000000706d00000| Untracked 
|  66|0x0000000706e00000, 0x0000000706e00000, 0x0000000706f00000|  0%| F|  |TAMS 0x0000000706e00000, 0x0000000706e00000| Untracked 
|  67|0x0000000706f00000, 0x0000000706f00000, 0x0000000707000000|  0%| F|  |TAMS 0x0000000706f00000, 0x0000000706f00000| Untracked 
|  68|0x0000000707000000, 0x0000000707000000, 0x0000000707100000|  0%| F|  |TAMS 0x0000000707000000, 0x0000000707000000| Untracked 
|  69|0x0000000707100000, 0x0000000707100000, 0x0000000707200000|  0%| F|  |TAMS 0x0000000707100000, 0x0000000707100000| Untracked 
|  70|0x0000000707200000, 0x0000000707200000, 0x0000000707300000|  0%| F|  |TAMS 0x0000000707200000, 0x0000000707200000| Untracked 
|  71|0x0000000707300000, 0x0000000707300000, 0x0000000707400000|  0%| F|  |TAMS 0x0000000707300000, 0x0000000707300000| Untracked 
|  72|0x0000000707400000, 0x0000000707400000, 0x0000000707500000|  0%| F|  |TAMS 0x0000000707400000, 0x0000000707400000| Untracked 
|  73|0x0000000707500000, 0x0000000707500000, 0x0000000707600000|  0%| F|  |TAMS 0x0000000707500000, 0x0000000707500000| Untracked 
|  74|0x0000000707600000, 0x0000000707600000, 0x0000000707700000|  0%| F|  |TAMS 0x0000000707600000, 0x0000000707600000| Untracked 
|  75|0x0000000707700000, 0x0000000707700000, 0x0000000707800000|  0%| F|  |TAMS 0x0000000707700000, 0x0000000707700000| Untracked 
|  76|0x0000000707800000, 0x0000000707800000, 0x0000000707900000|  0%| F|  |TAMS 0x0000000707800000, 0x0000000707800000| Untracked 
|  77|0x0000000707900000, 0x0000000707900000, 0x0000000707a00000|  0%| F|  |TAMS 0x0000000707900000, 0x0000000707900000| Untracked 
|  78|0x0000000707a00000, 0x0000000707a00000, 0x0000000707b00000|  0%| F|  |TAMS 0x0000000707a00000, 0x0000000707a00000| Untracked 
|  79|0x0000000707b00000, 0x0000000707b00000, 0x0000000707c00000|  0%| F|  |TAMS 0x0000000707b00000, 0x0000000707b00000| Untracked 
|  80|0x0000000707c00000, 0x0000000707c00000, 0x0000000707d00000|  0%| F|  |TAMS 0x0000000707c00000, 0x0000000707c00000| Untracked 
|  81|0x0000000707d00000, 0x0000000707d00000, 0x0000000707e00000|  0%| F|  |TAMS 0x0000000707d00000, 0x0000000707d00000| Untracked 
|  82|0x0000000707e00000, 0x0000000707e00000, 0x0000000707f00000|  0%| F|  |TAMS 0x0000000707e00000, 0x0000000707e00000| Untracked 
|  83|0x0000000707f00000, 0x0000000707f00000, 0x0000000708000000|  0%| F|  |TAMS 0x0000000707f00000, 0x0000000707f00000| Untracked 
|  84|0x0000000708000000, 0x0000000708000000, 0x0000000708100000|  0%| F|  |TAMS 0x0000000708000000, 0x0000000708000000| Untracked 
|  85|0x0000000708100000, 0x0000000708100000, 0x0000000708200000|  0%| F|  |TAMS 0x0000000708100000, 0x0000000708100000| Untracked 
|  86|0x0000000708200000, 0x0000000708200000, 0x0000000708300000|  0%| F|  |TAMS 0x0000000708200000, 0x0000000708200000| Untracked 
|  87|0x0000000708300000, 0x0000000708300000, 0x0000000708400000|  0%| F|  |TAMS 0x0000000708300000, 0x0000000708300000| Untracked 
|  88|0x0000000708400000, 0x0000000708400000, 0x0000000708500000|  0%| F|  |TAMS 0x0000000708400000, 0x0000000708400000| Untracked 
|  89|0x0000000708500000, 0x0000000708500000, 0x0000000708600000|  0%| F|  |TAMS 0x0000000708500000, 0x0000000708500000| Untracked 
|  90|0x0000000708600000, 0x0000000708600000, 0x0000000708700000|  0%| F|  |TAMS 0x0000000708600000, 0x0000000708600000| Untracked 
|  91|0x0000000708700000, 0x0000000708700000, 0x0000000708800000|  0%| F|  |TAMS 0x0000000708700000, 0x0000000708700000| Untracked 
|  92|0x0000000708800000, 0x0000000708800000, 0x0000000708900000|  0%| F|  |TAMS 0x0000000708800000, 0x0000000708800000| Untracked 
|  93|0x0000000708900000, 0x0000000708900000, 0x0000000708a00000|  0%| F|  |TAMS 0x0000000708900000, 0x0000000708900000| Untracked 
|  94|0x0000000708a00000, 0x0000000708a00000, 0x0000000708b00000|  0%| F|  |TAMS 0x0000000708a00000, 0x0000000708a00000| Untracked 
|  95|0x0000000708b00000, 0x0000000708b00000, 0x0000000708c00000|  0%| F|  |TAMS 0x0000000708b00000, 0x0000000708b00000| Untracked 
|  96|0x0000000708c00000, 0x0000000708c00000, 0x0000000708d00000|  0%| F|  |TAMS 0x0000000708c00000, 0x0000000708c00000| Untracked 
|  97|0x0000000708d00000, 0x0000000708d00000, 0x0000000708e00000|  0%| F|  |TAMS 0x0000000708d00000, 0x0000000708d00000| Untracked 
|  98|0x0000000708e00000, 0x0000000708e00000, 0x0000000708f00000|  0%| F|  |TAMS 0x0000000708e00000, 0x0000000708e00000| Untracked 
|  99|0x0000000708f00000, 0x0000000708f00000, 0x0000000709000000|  0%| F|  |TAMS 0x0000000708f00000, 0x0000000708f00000| Untracked 
| 100|0x0000000709000000, 0x0000000709000000, 0x0000000709100000|  0%| F|  |TAMS 0x0000000709000000, 0x0000000709000000| Untracked 
| 101|0x0000000709100000, 0x0000000709100000, 0x0000000709200000|  0%| F|  |TAMS 0x0000000709100000, 0x0000000709100000| Untracked 
| 102|0x0000000709200000, 0x0000000709200000, 0x0000000709300000|  0%| F|  |TAMS 0x0000000709200000, 0x0000000709200000| Untracked 
| 103|0x0000000709300000, 0x0000000709300000, 0x0000000709400000|  0%| F|  |TAMS 0x0000000709300000, 0x0000000709300000| Untracked 
| 104|0x0000000709400000, 0x0000000709400000, 0x0000000709500000|  0%| F|  |TAMS 0x0000000709400000, 0x0000000709400000| Untracked 
| 105|0x0000000709500000, 0x0000000709500000, 0x0000000709600000|  0%| F|  |TAMS 0x0000000709500000, 0x0000000709500000| Untracked 
| 106|0x0000000709600000, 0x0000000709600000, 0x0000000709700000|  0%| F|  |TAMS 0x0000000709600000, 0x0000000709600000| Untracked 
| 107|0x0000000709700000, 0x0000000709700000, 0x0000000709800000|  0%| F|  |TAMS 0x0000000709700000, 0x0000000709700000| Untracked 
| 108|0x0000000709800000, 0x0000000709800000, 0x0000000709900000|  0%| F|  |TAMS 0x0000000709800000, 0x0000000709800000| Untracked 
| 109|0x0000000709900000, 0x0000000709900000, 0x0000000709a00000|  0%| F|  |TAMS 0x0000000709900000, 0x0000000709900000| Untracked 
| 110|0x0000000709a00000, 0x0000000709a00000, 0x0000000709b00000|  0%| F|  |TAMS 0x0000000709a00000, 0x0000000709a00000| Untracked 
| 111|0x0000000709b00000, 0x0000000709b00000, 0x0000000709c00000|  0%| F|  |TAMS 0x0000000709b00000, 0x0000000709b00000| Untracked 
| 112|0x0000000709c00000, 0x0000000709c00000, 0x0000000709d00000|  0%| F|  |TAMS 0x0000000709c00000, 0x0000000709c00000| Untracked 
| 113|0x0000000709d00000, 0x0000000709d00000, 0x0000000709e00000|  0%| F|  |TAMS 0x0000000709d00000, 0x0000000709d00000| Untracked 
| 114|0x0000000709e00000, 0x0000000709e00000, 0x0000000709f00000|  0%| F|  |TAMS 0x0000000709e00000, 0x0000000709e00000| Untracked 
| 115|0x0000000709f00000, 0x0000000709f00000, 0x000000070a000000|  0%| F|  |TAMS 0x0000000709f00000, 0x0000000709f00000| Untracked 
| 116|0x000000070a000000, 0x000000070a000000, 0x000000070a100000|  0%| F|  |TAMS 0x000000070a000000, 0x000000070a000000| Untracked 
| 117|0x000000070a100000, 0x000000070a100000, 0x000000070a200000|  0%| F|  |TAMS 0x000000070a100000, 0x000000070a100000| Untracked 
| 118|0x000000070a200000, 0x000000070a200000, 0x000000070a300000|  0%| F|  |TAMS 0x000000070a200000, 0x000000070a200000| Untracked 
| 119|0x000000070a300000, 0x000000070a300000, 0x000000070a400000|  0%| F|  |TAMS 0x000000070a300000, 0x000000070a300000| Untracked 
| 120|0x000000070a400000, 0x000000070a400000, 0x000000070a500000|  0%| F|  |TAMS 0x000000070a400000, 0x000000070a400000| Untracked 
| 121|0x000000070a500000, 0x000000070a500000, 0x000000070a600000|  0%| F|  |TAMS 0x000000070a500000, 0x000000070a500000| Untracked 
| 122|0x000000070a600000, 0x000000070a600000, 0x000000070a700000|  0%| F|  |TAMS 0x000000070a600000, 0x000000070a600000| Untracked 
| 123|0x000000070a700000, 0x000000070a700000, 0x000000070a800000|  0%| F|  |TAMS 0x000000070a700000, 0x000000070a700000| Untracked 
| 124|0x000000070a800000, 0x000000070a800000, 0x000000070a900000|  0%| F|  |TAMS 0x000000070a800000, 0x000000070a800000| Untracked 
| 125|0x000000070a900000, 0x000000070a900000, 0x000000070aa00000|  0%| F|  |TAMS 0x000000070a900000, 0x000000070a900000| Untracked 
| 126|0x000000070aa00000, 0x000000070aa00000, 0x000000070ab00000|  0%| F|  |TAMS 0x000000070aa00000, 0x000000070aa00000| Untracked 
| 127|0x000000070ab00000, 0x000000070ab00000, 0x000000070ac00000|  0%| F|  |TAMS 0x000000070ab00000, 0x000000070ab00000| Untracked 
| 128|0x000000070ac00000, 0x000000070ac00000, 0x000000070ad00000|  0%| F|  |TAMS 0x000000070ac00000, 0x000000070ac00000| Untracked 
| 129|0x000000070ad00000, 0x000000070ad00000, 0x000000070ae00000|  0%| F|  |TAMS 0x000000070ad00000, 0x000000070ad00000| Untracked 
| 130|0x000000070ae00000, 0x000000070ae00000, 0x000000070af00000|  0%| F|  |TAMS 0x000000070ae00000, 0x000000070ae00000| Untracked 
| 131|0x000000070af00000, 0x000000070af00000, 0x000000070b000000|  0%| F|  |TAMS 0x000000070af00000, 0x000000070af00000| Untracked 
| 132|0x000000070b000000, 0x000000070b000000, 0x000000070b100000|  0%| F|  |TAMS 0x000000070b000000, 0x000000070b000000| Untracked 
| 133|0x000000070b100000, 0x000000070b100000, 0x000000070b200000|  0%| F|  |TAMS 0x000000070b100000, 0x000000070b100000| Untracked 
| 134|0x000000070b200000, 0x000000070b200000, 0x000000070b300000|  0%| F|  |TAMS 0x000000070b200000, 0x000000070b200000| Untracked 
| 135|0x000000070b300000, 0x000000070b300000, 0x000000070b400000|  0%| F|  |TAMS 0x000000070b300000, 0x000000070b300000| Untracked 
| 136|0x000000070b400000, 0x000000070b400000, 0x000000070b500000|  0%| F|  |TAMS 0x000000070b400000, 0x000000070b400000| Untracked 
| 137|0x000000070b500000, 0x000000070b500000, 0x000000070b600000|  0%| F|  |TAMS 0x000000070b500000, 0x000000070b500000| Untracked 
| 138|0x000000070b600000, 0x000000070b600000, 0x000000070b700000|  0%| F|  |TAMS 0x000000070b600000, 0x000000070b600000| Untracked 
| 139|0x000000070b700000, 0x000000070b700000, 0x000000070b800000|  0%| F|  |TAMS 0x000000070b700000, 0x000000070b700000| Untracked 
| 140|0x000000070b800000, 0x000000070b800000, 0x000000070b900000|  0%| F|  |TAMS 0x000000070b800000, 0x000000070b800000| Untracked 
| 141|0x000000070b900000, 0x000000070b900000, 0x000000070ba00000|  0%| F|  |TAMS 0x000000070b900000, 0x000000070b900000| Untracked 
| 142|0x000000070ba00000, 0x000000070ba00000, 0x000000070bb00000|  0%| F|  |TAMS 0x000000070ba00000, 0x000000070ba00000| Untracked 
| 143|0x000000070bb00000, 0x000000070bb00000, 0x000000070bc00000|  0%| F|  |TAMS 0x000000070bb00000, 0x000000070bb00000| Untracked 
| 144|0x000000070bc00000, 0x000000070bc00000, 0x000000070bd00000|  0%| F|  |TAMS 0x000000070bc00000, 0x000000070bc00000| Untracked 
| 145|0x000000070bd00000, 0x000000070bd00000, 0x000000070be00000|  0%| F|  |TAMS 0x000000070bd00000, 0x000000070bd00000| Untracked 
| 146|0x000000070be00000, 0x000000070be00000, 0x000000070bf00000|  0%| F|  |TAMS 0x000000070be00000, 0x000000070be00000| Untracked 
| 147|0x000000070bf00000, 0x000000070bf00000, 0x000000070c000000|  0%| F|  |TAMS 0x000000070bf00000, 0x000000070bf00000| Untracked 
| 148|0x000000070c000000, 0x000000070c000000, 0x000000070c100000|  0%| F|  |TAMS 0x000000070c000000, 0x000000070c000000| Untracked 
| 149|0x000000070c100000, 0x000000070c100000, 0x000000070c200000|  0%| F|  |TAMS 0x000000070c100000, 0x000000070c100000| Untracked 
| 150|0x000000070c200000, 0x000000070c200000, 0x000000070c300000|  0%| F|  |TAMS 0x000000070c200000, 0x000000070c200000| Untracked 
| 151|0x000000070c300000, 0x000000070c300000, 0x000000070c400000|  0%| F|  |TAMS 0x000000070c300000, 0x000000070c300000| Untracked 
| 152|0x000000070c400000, 0x000000070c400000, 0x000000070c500000|  0%| F|  |TAMS 0x000000070c400000, 0x000000070c400000| Untracked 
| 153|0x000000070c500000, 0x000000070c500000, 0x000000070c600000|  0%| F|  |TAMS 0x000000070c500000, 0x000000070c500000| Untracked 
| 154|0x000000070c600000, 0x000000070c600000, 0x000000070c700000|  0%| F|  |TAMS 0x000000070c600000, 0x000000070c600000| Untracked 
| 155|0x000000070c700000, 0x000000070c700000, 0x000000070c800000|  0%| F|  |TAMS 0x000000070c700000, 0x000000070c700000| Untracked 
| 156|0x000000070c800000, 0x000000070c800000, 0x000000070c900000|  0%| F|  |TAMS 0x000000070c800000, 0x000000070c800000| Untracked 
| 157|0x000000070c900000, 0x000000070c900000, 0x000000070ca00000|  0%| F|  |TAMS 0x000000070c900000, 0x000000070c900000| Untracked 
| 158|0x000000070ca00000, 0x000000070ca00000, 0x000000070cb00000|  0%| F|  |TAMS 0x000000070ca00000, 0x000000070ca00000| Untracked 
| 159|0x000000070cb00000, 0x000000070cb00000, 0x000000070cc00000|  0%| F|  |TAMS 0x000000070cb00000, 0x000000070cb00000| Untracked 
| 160|0x000000070cc00000, 0x000000070cc00000, 0x000000070cd00000|  0%| F|  |TAMS 0x000000070cc00000, 0x000000070cc00000| Untracked 
| 161|0x000000070cd00000, 0x000000070cd00000, 0x000000070ce00000|  0%| F|  |TAMS 0x000000070cd00000, 0x000000070cd00000| Untracked 
| 162|0x000000070ce00000, 0x000000070ce00000, 0x000000070cf00000|  0%| F|  |TAMS 0x000000070ce00000, 0x000000070ce00000| Untracked 
| 163|0x000000070cf00000, 0x000000070cf00000, 0x000000070d000000|  0%| F|  |TAMS 0x000000070cf00000, 0x000000070cf00000| Untracked 
| 164|0x000000070d000000, 0x000000070d000000, 0x000000070d100000|  0%| F|  |TAMS 0x000000070d000000, 0x000000070d000000| Untracked 
| 165|0x000000070d100000, 0x000000070d100000, 0x000000070d200000|  0%| F|  |TAMS 0x000000070d100000, 0x000000070d100000| Untracked 
| 166|0x000000070d200000, 0x000000070d200000, 0x000000070d300000|  0%| F|  |TAMS 0x000000070d200000, 0x000000070d200000| Untracked 
| 167|0x000000070d300000, 0x000000070d300000, 0x000000070d400000|  0%| F|  |TAMS 0x000000070d300000, 0x000000070d300000| Untracked 
| 168|0x000000070d400000, 0x000000070d400000, 0x000000070d500000|  0%| F|  |TAMS 0x000000070d400000, 0x000000070d400000| Untracked 
| 169|0x000000070d500000, 0x000000070d500000, 0x000000070d600000|  0%| F|  |TAMS 0x000000070d500000, 0x000000070d500000| Untracked 
| 170|0x000000070d600000, 0x000000070d600000, 0x000000070d700000|  0%| F|  |TAMS 0x000000070d600000, 0x000000070d600000| Untracked 
| 171|0x000000070d700000, 0x000000070d700000, 0x000000070d800000|  0%| F|  |TAMS 0x000000070d700000, 0x000000070d700000| Untracked 
| 172|0x000000070d800000, 0x000000070d800000, 0x000000070d900000|  0%| F|  |TAMS 0x000000070d800000, 0x000000070d800000| Untracked 
| 173|0x000000070d900000, 0x000000070d900000, 0x000000070da00000|  0%| F|  |TAMS 0x000000070d900000, 0x000000070d900000| Untracked 
| 174|0x000000070da00000, 0x000000070da00000, 0x000000070db00000|  0%| F|  |TAMS 0x000000070da00000, 0x000000070da00000| Untracked 
| 175|0x000000070db00000, 0x000000070db00000, 0x000000070dc00000|  0%| F|  |TAMS 0x000000070db00000, 0x000000070db00000| Untracked 
| 176|0x000000070dc00000, 0x000000070dc00000, 0x000000070dd00000|  0%| F|  |TAMS 0x000000070dc00000, 0x000000070dc00000| Untracked 
| 177|0x000000070dd00000, 0x000000070dd00000, 0x000000070de00000|  0%| F|  |TAMS 0x000000070dd00000, 0x000000070dd00000| Untracked 
| 178|0x000000070de00000, 0x000000070de00000, 0x000000070df00000|  0%| F|  |TAMS 0x000000070de00000, 0x000000070de00000| Untracked 
| 179|0x000000070df00000, 0x000000070df00000, 0x000000070e000000|  0%| F|  |TAMS 0x000000070df00000, 0x000000070df00000| Untracked 
| 180|0x000000070e000000, 0x000000070e000000, 0x000000070e100000|  0%| F|  |TAMS 0x000000070e000000, 0x000000070e000000| Untracked 
| 181|0x000000070e100000, 0x000000070e100000, 0x000000070e200000|  0%| F|  |TAMS 0x000000070e100000, 0x000000070e100000| Untracked 
| 182|0x000000070e200000, 0x000000070e200000, 0x000000070e300000|  0%| F|  |TAMS 0x000000070e200000, 0x000000070e200000| Untracked 
| 183|0x000000070e300000, 0x000000070e300000, 0x000000070e400000|  0%| F|  |TAMS 0x000000070e300000, 0x000000070e300000| Untracked 
| 184|0x000000070e400000, 0x000000070e400000, 0x000000070e500000|  0%| F|  |TAMS 0x000000070e400000, 0x000000070e400000| Untracked 
| 185|0x000000070e500000, 0x000000070e500000, 0x000000070e600000|  0%| F|  |TAMS 0x000000070e500000, 0x000000070e500000| Untracked 
| 186|0x000000070e600000, 0x000000070e600000, 0x000000070e700000|  0%| F|  |TAMS 0x000000070e600000, 0x000000070e600000| Untracked 
| 187|0x000000070e700000, 0x000000070e700000, 0x000000070e800000|  0%| F|  |TAMS 0x000000070e700000, 0x000000070e700000| Untracked 
| 188|0x000000070e800000, 0x000000070e800000, 0x000000070e900000|  0%| F|  |TAMS 0x000000070e800000, 0x000000070e800000| Untracked 
| 189|0x000000070e900000, 0x000000070e900000, 0x000000070ea00000|  0%| F|  |TAMS 0x000000070e900000, 0x000000070e900000| Untracked 
| 190|0x000000070ea00000, 0x000000070ea00000, 0x000000070eb00000|  0%| F|  |TAMS 0x000000070ea00000, 0x000000070ea00000| Untracked 
| 191|0x000000070eb00000, 0x000000070eb00000, 0x000000070ec00000|  0%| F|  |TAMS 0x000000070eb00000, 0x000000070eb00000| Untracked 
| 192|0x000000070ec00000, 0x000000070ec00000, 0x000000070ed00000|  0%| F|  |TAMS 0x000000070ec00000, 0x000000070ec00000| Untracked 
| 193|0x000000070ed00000, 0x000000070ed00000, 0x000000070ee00000|  0%| F|  |TAMS 0x000000070ed00000, 0x000000070ed00000| Untracked 
| 194|0x000000070ee00000, 0x000000070ee00000, 0x000000070ef00000|  0%| F|  |TAMS 0x000000070ee00000, 0x000000070ee00000| Untracked 
| 195|0x000000070ef00000, 0x000000070ef00000, 0x000000070f000000|  0%| F|  |TAMS 0x000000070ef00000, 0x000000070ef00000| Untracked 
| 196|0x000000070f000000, 0x000000070f000000, 0x000000070f100000|  0%| F|  |TAMS 0x000000070f000000, 0x000000070f000000| Untracked 
| 197|0x000000070f100000, 0x000000070f100000, 0x000000070f200000|  0%| F|  |TAMS 0x000000070f100000, 0x000000070f100000| Untracked 
| 198|0x000000070f200000, 0x000000070f200000, 0x000000070f300000|  0%| F|  |TAMS 0x000000070f200000, 0x000000070f200000| Untracked 
| 199|0x000000070f300000, 0x000000070f300000, 0x000000070f400000|  0%| F|  |TAMS 0x000000070f300000, 0x000000070f300000| Untracked 
| 200|0x000000070f400000, 0x000000070f400000, 0x000000070f500000|  0%| F|  |TAMS 0x000000070f400000, 0x000000070f400000| Untracked 
| 201|0x000000070f500000, 0x000000070f500000, 0x000000070f600000|  0%| F|  |TAMS 0x000000070f500000, 0x000000070f500000| Untracked 
| 202|0x000000070f600000, 0x000000070f600000, 0x000000070f700000|  0%| F|  |TAMS 0x000000070f600000, 0x000000070f600000| Untracked 
| 203|0x000000070f700000, 0x000000070f700000, 0x000000070f800000|  0%| F|  |TAMS 0x000000070f700000, 0x000000070f700000| Untracked 
| 204|0x000000070f800000, 0x000000070f800000, 0x000000070f900000|  0%| F|  |TAMS 0x000000070f800000, 0x000000070f800000| Untracked 
| 205|0x000000070f900000, 0x000000070f900000, 0x000000070fa00000|  0%| F|  |TAMS 0x000000070f900000, 0x000000070f900000| Untracked 
| 206|0x000000070fa00000, 0x000000070fa00000, 0x000000070fb00000|  0%| F|  |TAMS 0x000000070fa00000, 0x000000070fa00000| Untracked 
| 207|0x000000070fb00000, 0x000000070fb00000, 0x000000070fc00000|  0%| F|  |TAMS 0x000000070fb00000, 0x000000070fb00000| Untracked 
| 208|0x000000070fc00000, 0x000000070fc00000, 0x000000070fd00000|  0%| F|  |TAMS 0x000000070fc00000, 0x000000070fc00000| Untracked 
| 209|0x000000070fd00000, 0x000000070fd00000, 0x000000070fe00000|  0%| F|  |TAMS 0x000000070fd00000, 0x000000070fd00000| Untracked 
| 210|0x000000070fe00000, 0x000000070fe00000, 0x000000070ff00000|  0%| F|  |TAMS 0x000000070fe00000, 0x000000070fe00000| Untracked 
| 211|0x000000070ff00000, 0x000000070ff00000, 0x0000000710000000|  0%| F|  |TAMS 0x000000070ff00000, 0x000000070ff00000| Untracked 
| 212|0x0000000710000000, 0x0000000710000000, 0x0000000710100000|  0%| F|  |TAMS 0x0000000710000000, 0x0000000710000000| Untracked 
| 213|0x0000000710100000, 0x0000000710100000, 0x0000000710200000|  0%| F|  |TAMS 0x0000000710100000, 0x0000000710100000| Untracked 
| 214|0x0000000710200000, 0x0000000710200000, 0x0000000710300000|  0%| F|  |TAMS 0x0000000710200000, 0x0000000710200000| Untracked 
| 215|0x0000000710300000, 0x0000000710300000, 0x0000000710400000|  0%| F|  |TAMS 0x0000000710300000, 0x0000000710300000| Untracked 
| 216|0x0000000710400000, 0x0000000710400000, 0x0000000710500000|  0%| F|  |TAMS 0x0000000710400000, 0x0000000710400000| Untracked 
| 217|0x0000000710500000, 0x0000000710500000, 0x0000000710600000|  0%| F|  |TAMS 0x0000000710500000, 0x0000000710500000| Untracked 
| 218|0x0000000710600000, 0x0000000710700000, 0x0000000710700000|100%| E|  |TAMS 0x0000000710600000, 0x0000000710600000| Complete 
| 219|0x0000000710700000, 0x0000000710800000, 0x0000000710800000|100%| E|CS|TAMS 0x0000000710700000, 0x0000000710700000| Complete 
| 220|0x0000000710800000, 0x0000000710900000, 0x0000000710900000|100%| E|CS|TAMS 0x0000000710800000, 0x0000000710800000| Complete 
| 221|0x0000000710900000, 0x0000000710a00000, 0x0000000710a00000|100%| E|CS|TAMS 0x0000000710900000, 0x0000000710900000| Complete 
| 222|0x0000000710a00000, 0x0000000710b00000, 0x0000000710b00000|100%| E|CS|TAMS 0x0000000710a00000, 0x0000000710a00000| Complete 
| 223|0x0000000710b00000, 0x0000000710c00000, 0x0000000710c00000|100%| E|CS|TAMS 0x0000000710b00000, 0x0000000710b00000| Complete 
| 224|0x0000000710c00000, 0x0000000710d00000, 0x0000000710d00000|100%| E|CS|TAMS 0x0000000710c00000, 0x0000000710c00000| Complete 
| 225|0x0000000710d00000, 0x0000000710e00000, 0x0000000710e00000|100%| E|CS|TAMS 0x0000000710d00000, 0x0000000710d00000| Complete 
| 226|0x0000000710e00000, 0x0000000710f00000, 0x0000000710f00000|100%| E|CS|TAMS 0x0000000710e00000, 0x0000000710e00000| Complete 
| 227|0x0000000710f00000, 0x0000000711000000, 0x0000000711000000|100%| E|CS|TAMS 0x0000000710f00000, 0x0000000710f00000| Complete 
| 228|0x0000000711000000, 0x0000000711100000, 0x0000000711100000|100%| E|CS|TAMS 0x0000000711000000, 0x0000000711000000| Complete 
| 229|0x0000000711100000, 0x0000000711200000, 0x0000000711200000|100%| E|CS|TAMS 0x0000000711100000, 0x0000000711100000| Complete 
| 230|0x0000000711200000, 0x0000000711300000, 0x0000000711300000|100%| E|CS|TAMS 0x0000000711200000, 0x0000000711200000| Complete 
| 231|0x0000000711300000, 0x0000000711400000, 0x0000000711400000|100%| E|CS|TAMS 0x0000000711300000, 0x0000000711300000| Complete 
| 232|0x0000000711400000, 0x0000000711500000, 0x0000000711500000|100%| E|CS|TAMS 0x0000000711400000, 0x0000000711400000| Complete 
| 233|0x0000000711500000, 0x0000000711600000, 0x0000000711600000|100%| E|CS|TAMS 0x0000000711500000, 0x0000000711500000| Complete 
| 234|0x0000000711600000, 0x0000000711700000, 0x0000000711700000|100%| E|CS|TAMS 0x0000000711600000, 0x0000000711600000| Complete 
| 235|0x0000000711700000, 0x0000000711800000, 0x0000000711800000|100%| E|CS|TAMS 0x0000000711700000, 0x0000000711700000| Complete 
| 236|0x0000000711800000, 0x0000000711900000, 0x0000000711900000|100%| E|CS|TAMS 0x0000000711800000, 0x0000000711800000| Complete 
| 237|0x0000000711900000, 0x0000000711a00000, 0x0000000711a00000|100%| E|CS|TAMS 0x0000000711900000, 0x0000000711900000| Complete 
| 238|0x0000000711a00000, 0x0000000711b00000, 0x0000000711b00000|100%| E|CS|TAMS 0x0000000711a00000, 0x0000000711a00000| Complete 
| 239|0x0000000711b00000, 0x0000000711c00000, 0x0000000711c00000|100%| E|CS|TAMS 0x0000000711b00000, 0x0000000711b00000| Complete 
| 240|0x0000000711c00000, 0x0000000711d00000, 0x0000000711d00000|100%| E|CS|TAMS 0x0000000711c00000, 0x0000000711c00000| Complete 
| 241|0x0000000711d00000, 0x0000000711e00000, 0x0000000711e00000|100%| E|CS|TAMS 0x0000000711d00000, 0x0000000711d00000| Complete 
| 242|0x0000000711e00000, 0x0000000711f00000, 0x0000000711f00000|100%| E|CS|TAMS 0x0000000711e00000, 0x0000000711e00000| Complete 
| 243|0x0000000711f00000, 0x0000000711f41f58, 0x0000000712000000| 25%| S|CS|TAMS 0x0000000711f00000, 0x0000000711f00000| Complete 
| 244|0x0000000712000000, 0x0000000712100000, 0x0000000712100000|100%| S|CS|TAMS 0x0000000712000000, 0x0000000712000000| Complete 
| 245|0x0000000712100000, 0x0000000712200000, 0x0000000712200000|100%| E|CS|TAMS 0x0000000712100000, 0x0000000712100000| Complete 
| 246|0x0000000712200000, 0x0000000712300000, 0x0000000712300000|100%| E|CS|TAMS 0x0000000712200000, 0x0000000712200000| Complete 
| 247|0x0000000712300000, 0x0000000712400000, 0x0000000712400000|100%| E|CS|TAMS 0x0000000712300000, 0x0000000712300000| Complete 
| 248|0x0000000712400000, 0x0000000712500000, 0x0000000712500000|100%| E|CS|TAMS 0x0000000712400000, 0x0000000712400000| Complete 
| 249|0x0000000712500000, 0x0000000712600000, 0x0000000712600000|100%| E|CS|TAMS 0x0000000712500000, 0x0000000712500000| Complete 
| 250|0x0000000712600000, 0x0000000712700000, 0x0000000712700000|100%| E|CS|TAMS 0x0000000712600000, 0x0000000712600000| Complete 
| 251|0x0000000712700000, 0x0000000712800000, 0x0000000712800000|100%| E|CS|TAMS 0x0000000712700000, 0x0000000712700000| Complete 
| 252|0x0000000712800000, 0x0000000712900000, 0x0000000712900000|100%| E|CS|TAMS 0x0000000712800000, 0x0000000712800000| Complete 
| 253|0x0000000712900000, 0x0000000712a00000, 0x0000000712a00000|100%| E|CS|TAMS 0x0000000712900000, 0x0000000712900000| Complete 

Card table byte_map: [0x000002beb4350000,0x000002beb4b40000] _byte_map_base: 0x000002beb0b3a000

Marking Bits (Prev, Next): (CMBitMap*) 0x000002be9a3f36b0, (CMBitMap*) 0x000002be9a3f3678
 Prev Bits: [0x000002beb9280000, 0x000002bebd1d0000)
 Next Bits: [0x000002beb5330000, 0x000002beb9280000)

Polling page: 0x000002be9a470000

Metaspace:

Usage:
  Non-class:     26.07 MB capacity,    25.76 MB ( 99%) used,   251.30 KB ( <1%) free+waste,    67.94 KB ( <1%) overhead. 
      Class:      3.24 MB capacity,     3.00 MB ( 92%) used,   220.13 KB (  7%) free+waste,    31.88 KB ( <1%) overhead. 
       Both:     29.32 MB capacity,    28.76 MB ( 98%) used,   471.43 KB (  2%) free+waste,    99.81 KB ( <1%) overhead. 

Virtual space:
  Non-class space:       28.00 MB reserved,      26.17 MB ( 93%) committed 
      Class space:        1.00 GB reserved,       3.25 MB ( <1%) committed 
             Both:        1.03 GB reserved,      29.42 MB (  3%) committed 

Chunk freelists:
   Non-Class:  4.75 KB
       Class:  896 bytes
        Both:  5.63 KB

CodeHeap 'non-profiled nmethods': size=120000Kb used=1778Kb max_used=1778Kb free=118222Kb
 bounds [0x000002beab9b0000, 0x000002beabc20000, 0x000002beb2ee0000]
CodeHeap 'profiled nmethods': size=120000Kb used=7403Kb max_used=7403Kb free=112596Kb
 bounds [0x000002bea4480000, 0x000002bea4bc0000, 0x000002beab9b0000]
CodeHeap 'non-nmethods': size=5760Kb used=1322Kb max_used=1384Kb free=4438Kb
 bounds [0x000002bea3ee0000, 0x000002bea4150000, 0x000002bea4480000]
 total_blobs=5024 nmethods=3410 adapters=644
 compilation: enabled
              stopped_count=0, restarted_count=0
 full_count=0

Compilation events (10 events):
Event: 22.186 Thread 0x000002bec0876800 3409       3       java.util.IdentityHashMap$KeySet::iterator (12 bytes)
Event: 22.187 Thread 0x000002bec0876800 nmethod 3409 0x000002bea4bb1490 code [0x000002bea4bb1660, 0x000002bea4bb1930]
Event: 22.187 Thread 0x000002bec0876800 3410       3       java.util.IdentityHashMap$KeyIterator::<init> (11 bytes)
Event: 22.187 Thread 0x000002bec0876800 nmethod 3410 0x000002bea4bb1a10 code [0x000002bea4bb1be0, 0x000002bea4bb1dd0]
Event: 22.196 Thread 0x000002bec0876800 3411       3       com.formdev.flatlaf.ui.FlatRadioButtonUI::paint (157 bytes)
Event: 22.198 Thread 0x000002bec0876800 nmethod 3411 0x000002bea4bb1e90 code [0x000002bea4bb2220, 0x000002bea4bb4170]
Event: 22.198 Thread 0x000002bec0876800 3412       3       com.formdev.flatlaf.ui.FlatRadioButtonUI::getDefaultBackground (34 bytes)
Event: 22.198 Thread 0x000002bec0876800 nmethod 3412 0x000002bea4bb4890 code [0x000002bea4bb4a80, 0x000002bea4bb50f0]
Event: 22.198 Thread 0x000002bec0876800 3413  s    3       javax.swing.plaf.basic.BasicRadioButtonUI::paint (595 bytes)
Event: 22.204 Thread 0x000002bec0876800 nmethod 3413 0x000002bea4bb5290 code [0x000002bea4bb5800, 0x000002bea4bb9e20]

GC Heap History (4 events):
Event: 11.983 GC heap before
{Heap before GC invocations=0 (full 0):
 garbage-first heap   total 260096K, used 23552K [0x0000000702c00000, 0x0000000800000000)
  region size 1024K, 23 young (23552K), 0 survivors (0K)
 Metaspace       used 20759K, capacity 21227K, committed 21296K, reserved 1069056K
  class space    used 2197K, capacity 2415K, committed 2432K, reserved 1048576K
}
Event: 11.989 GC heap after
{Heap after GC invocations=1 (full 0):
 garbage-first heap   total 260096K, used 6664K [0x0000000702c00000, 0x0000000800000000)
  region size 1024K, 3 young (3072K), 3 survivors (3072K)
 Metaspace       used 20759K, capacity 21227K, committed 21296K, reserved 1069056K
  class space    used 2197K, capacity 2415K, committed 2432K, reserved 1048576K
}
Event: 12.359 GC heap before
{Heap before GC invocations=2 (full 0):
 garbage-first heap   total 260096K, used 15880K [0x0000000702c00000, 0x0000000800000000)
  region size 1024K, 12 young (12288K), 3 survivors (3072K)
 Metaspace       used 26020K, capacity 26553K, committed 26800K, reserved 1073152K
  class space    used 2778K, capacity 3021K, committed 3072K, reserved 1048576K
}
Event: 12.362 GC heap after
{Heap after GC invocations=3 (full 0):
 garbage-first heap   total 260096K, used 7965K [0x0000000702c00000, 0x0000000800000000)
  region size 1024K, 2 young (2048K), 2 survivors (2048K)
 Metaspace       used 26020K, capacity 26553K, committed 26800K, reserved 1073152K
  class space    used 2778K, capacity 3021K, committed 3072K, reserved 1048576K
}

Deoptimization events (10 events):
Event: 12.532 Thread 0x000002bec394d800 Uncommon trap: reason=unstable_if action=reinterpret pc=0x000002beab9fe9bc method=java.lang.StringLatin1.canEncode(I)Z @ 4 c2
Event: 12.579 Thread 0x000002bec369c800 Uncommon trap: reason=class_check action=maybe_recompile pc=0x000002beaba692c4 method=java.util.regex.Pattern$Start.match(Ljava/util/regex/Matcher;ILjava/lang/CharSequence;)Z @ 44 c2
Event: 12.595 Thread 0x000002bec369c800 Uncommon trap: reason=class_check action=maybe_recompile pc=0x000002beaba692c4 method=java.util.regex.Pattern$Start.match(Ljava/util/regex/Matcher;ILjava/lang/CharSequence;)Z @ 44 c2
Event: 12.599 Thread 0x000002bec369c800 Uncommon trap: reason=unstable_if action=reinterpret pc=0x000002beaba0e3f8 method=java.lang.StringCoding.hasNegatives([BII)Z @ 12 c2
Event: 12.687 Thread 0x000002bec394d800 Uncommon trap: reason=unstable_if action=reinterpret pc=0x000002beaba8c338 method=sun.awt.image.PNGImageDecoder.filterRow([B[BIII)V @ 384 c2
Event: 13.515 Thread 0x000002bec369c800 Uncommon trap: reason=class_check action=maybe_recompile pc=0x000002beaba692c4 method=java.util.regex.Pattern$Start.match(Ljava/util/regex/Matcher;ILjava/lang/CharSequence;)Z @ 44 c2
Event: 13.688 Thread 0x000002bec369c800 Uncommon trap: reason=unstable_if action=reinterpret pc=0x000002beabacfdac method=java.lang.Character.isSurrogate(C)Z @ 3 c2
Event: 13.688 Thread 0x000002bec369c800 Uncommon trap: reason=unstable_if action=reinterpret pc=0x000002beaba0f33c method=java.lang.String.equals(Ljava/lang/Object;)Z @ 34 c2
Event: 14.360 Thread 0x000002bec369c800 Uncommon trap: reason=unstable_if action=reinterpret pc=0x000002beabb22e68 method=sun.font.CMap$CMapFormat4.getGlyph(I)C @ 181 c2
Event: 20.700 Thread 0x000002bec369c800 Uncommon trap: reason=unstable_if action=reinterpret pc=0x000002beabb53758 method=com.formdev.flatlaf.ui.FlatUIUtils.isPermanentFocusOwner(Ljava/awt/Component;)Z @ 75 c2

Classes redefined (0 events):
No events

Internal exceptions (10 events):
Event: 12.229 Thread 0x000002bec369c800 Exception <a 'java/lang/IncompatibleClassChangeError'{0x00000007127f0ce0}: Found class java.lang.Object, but interface was expected> (0x00000007127f0ce0) thrown at [t:/workspace/open/src/hotspot/share/interpreter/linkResolver.cpp, line 856]
Event: 12.230 Thread 0x000002bec369c800 Exception <a 'java/lang/NoSuchMethodError'{0x00000007127f4060}: java.lang.invoke.DirectMethodHandle$Holder.invokeStaticInit(Ljava/lang/Object;Ljava/lang/Object;)V> (0x00000007127f4060) thrown at [t:/workspace/open/src/hotspot/share/interpreter/linkResolve
Event: 12.231 Thread 0x000002bec369c800 Exception <a 'java/lang/NoSuchMethodError'{0x00000007127f9cb8}: java.lang.invoke.DirectMethodHandle$Holder.invokeStaticInit(Ljava/lang/Object;Ljava/lang/Object;)I> (0x00000007127f9cb8) thrown at [t:/workspace/open/src/hotspot/share/interpreter/linkResolve
Event: 12.236 Thread 0x000002bec369c800 Exception <a 'sun/nio/fs/WindowsException'{0x0000000712626af8}> (0x0000000712626af8) thrown at [t:/workspace/open/src/hotspot/share/prims/jni.cpp, line 615]
Event: 12.236 Thread 0x000002bec369c800 Exception <a 'java/lang/NoSuchMethodError'{0x00000007126283a0}: java.lang.invoke.DirectMethodHandle$Holder.invokeSpecialIFC(Ljava/lang/Object;Ljava/lang/Object;I)I> (0x00000007126283a0) thrown at [t:/workspace/open/src/hotspot/share/interpreter/linkResolv
Event: 12.510 Thread 0x000002bec394d800 Implicit null exception at 0x000002beab9fb874 to 0x000002beab9fbd7e
Event: 12.510 Thread 0x000002bec394d800 Implicit null exception at 0x000002beab9fa974 to 0x000002beab9fae6a
Event: 12.582 Thread 0x000002bec369c800 Exception <a 'java/lang/NoSuchMethodError'{0x0000000712599298}: java.lang.invoke.DirectMethodHandle$Holder.invokeVirtual(Ljava/lang/Object;Ljava/lang/Object;)I> (0x0000000712599298) thrown at [t:/workspace/open/src/hotspot/share/interpreter/linkResolver.c
Event: 12.719 Thread 0x000002bec369c800 Exception <a 'java/lang/NoSuchMethodError'{0x0000000711ee4e30}: java.lang.invoke.DirectMethodHandle$Holder.invokeVirtual(Ljava/lang/Object;Ljava/lang/Object;)V> (0x0000000711ee4e30) thrown at [t:/workspace/open/src/hotspot/share/interpreter/linkResolver.c
Event: 12.730 Thread 0x000002bec369c800 Exception <a 'java/lang/NoSuchMethodError'{0x0000000711d48360}: java.lang.invoke.DirectMethodHandle$Holder.invokeStatic(Ljava/lang/Object;Ljava/lang/Object;Ljava/lang/Object;Ljava/lang/Object;)V> (0x0000000711d48360) thrown at [t:/workspace/open/src/hotsp

Events (10 events):
Event: 17.694 Executing VM operation: RevokeBias done
Event: 17.694 Thread 0x000002bec394d800 Thread exited: 0x000002bec394d800
Event: 17.725 Executing VM operation: RevokeBias
Event: 17.725 Executing VM operation: RevokeBias done
Event: 17.725 Thread 0x000002bec335d000 Thread exited: 0x000002bec335d000
Event: 17.785 Thread 0x000002bec369c800 DEOPT PACKING pc=0x000002bea4884f5b sp=0x000000d1097fb8a0
Event: 17.785 Thread 0x000002bec369c800 DEOPT UNPACKING pc=0x000002bea3f08fce sp=0x000000d1097facd0 mode 0
Event: 20.700 Thread 0x000002bec369c800 Uncommon trap: trap_request=0xffffff4d fr.pc=0x000002beabb53758 relative=0x0000000000000458
Event: 20.700 Thread 0x000002bec369c800 DEOPT PACKING pc=0x000002beabb53758 sp=0x000000d1097f9610
Event: 20.700 Thread 0x000002bec369c800 DEOPT UNPACKING pc=0x000002bea3f091af sp=0x000000d1097f9580 mode 2


Dynamic libraries:
0x00007ff7cf9d0000 - 0x00007ff7cfa17000 	C:\Program Files\Java\jdk-11.0.1\bin\java.exe
0x00007fff80b70000 - 0x00007fff80d68000 	C:\Windows\SYSTEM32\ntdll.dll
0x00007fff7f220000 - 0x00007fff7f2e2000 	C:\Windows\System32\KERNEL32.DLL
0x00007fff7e3d0000 - 0x00007fff7e6c6000 	C:\Windows\System32\KERNELBASE.dll
0x00007fff80750000 - 0x00007fff807ff000 	C:\Windows\System32\ADVAPI32.dll
0x00007fff80800000 - 0x00007fff8089e000 	C:\Windows\System32\msvcrt.dll
0x00007fff80190000 - 0x00007fff8022f000 	C:\Windows\System32\sechost.dll
0x00007fff7f2f0000 - 0x00007fff7f413000 	C:\Windows\System32\RPCRT4.dll
0x00007fff7eb70000 - 0x00007fff7eb97000 	C:\Windows\System32\bcrypt.dll
0x00007fff7ef50000 - 0x00007fff7f0ed000 	C:\Windows\System32\USER32.dll
0x00007fff7e210000 - 0x00007fff7e232000 	C:\Windows\System32\win32u.dll
0x00007fff7ef00000 - 0x00007fff7ef2b000 	C:\Windows\System32\GDI32.dll
0x00007fff7e8d0000 - 0x00007fff7e9ea000 	C:\Windows\System32\gdi32full.dll
0x00007fff7e830000 - 0x00007fff7e8cd000 	C:\Windows\System32\msvcp_win.dll
0x00007fff7e2d0000 - 0x00007fff7e3d0000 	C:\Windows\System32\ucrtbase.dll
0x00007fff6b770000 - 0x00007fff6ba0a000 	C:\Windows\WinSxS\amd64_microsoft.windows.common-controls_6595b64144ccf1df_6.0.19041.5794_none_60bcd33171f2783c\COMCTL32.dll
0x00007fff7aea0000 - 0x00007fff7aeaa000 	C:\Windows\SYSTEM32\VERSION.dll
0x00007fff80aa0000 - 0x00007fff80acf000 	C:\Windows\System32\IMM32.DLL
0x00007fff6eb90000 - 0x00007fff6eba6000 	C:\Program Files\Java\jdk-11.0.1\bin\vcruntime140.dll
0x00007fff4a630000 - 0x00007fff4a6da000 	C:\Program Files\Java\jdk-11.0.1\bin\msvcp140.dll
0x00007fff04860000 - 0x00007fff053a2000 	C:\Program Files\Java\jdk-11.0.1\bin\server\jvm.dll
0x00007fff7f580000 - 0x00007fff7f588000 	C:\Windows\System32\PSAPI.DLL
0x00007fff6d3b0000 - 0x00007fff6d3d7000 	C:\Windows\SYSTEM32\WINMM.dll
0x00007fff6d7f0000 - 0x00007fff6d7f9000 	C:\Windows\SYSTEM32\WSOCK32.dll
0x00007fff7ff70000 - 0x00007fff7ffdb000 	C:\Windows\System32\WS2_32.dll
0x00007fff7c090000 - 0x00007fff7c0a2000 	C:\Windows\SYSTEM32\kernel.appcore.dll
0x00007fff6ddc0000 - 0x00007fff6ddd1000 	C:\Program Files\Java\jdk-11.0.1\bin\verify.dll
0x00007fff6ca50000 - 0x00007fff6cc51000 	C:\Windows\SYSTEM32\DBGHELP.DLL
0x00007fff67060000 - 0x00007fff67094000 	C:\Windows\SYSTEM32\dbgcore.DLL
0x00007fff7e240000 - 0x00007fff7e2c2000 	C:\Windows\System32\bcryptPrimitives.dll
0x00007fff6de30000 - 0x00007fff6de59000 	C:\Program Files\Java\jdk-11.0.1\bin\java.dll
0x00007fff6d950000 - 0x00007fff6d966000 	C:\Program Files\Java\jdk-11.0.1\bin\zip.dll
0x00007fff73c60000 - 0x00007fff73c6a000 	C:\Program Files\Java\jdk-11.0.1\bin\jimage.dll
0x00007fff7f650000 - 0x00007fff7fdbe000 	C:\Windows\System32\SHELL32.dll
0x00007fff7c290000 - 0x00007fff7ca33000 	C:\Windows\SYSTEM32\windows.storage.dll
0x00007fff7eba0000 - 0x00007fff7eef3000 	C:\Windows\System32\combase.dll
0x00007fff7dc40000 - 0x00007fff7dc6b000 	C:\Windows\SYSTEM32\Wldp.dll
0x00007fff7f4b0000 - 0x00007fff7f57d000 	C:\Windows\System32\OLEAUT32.dll
0x00007fff806a0000 - 0x00007fff8074d000 	C:\Windows\System32\SHCORE.dll
0x00007fff80050000 - 0x00007fff800a5000 	C:\Windows\System32\shlwapi.dll
0x00007fff7e140000 - 0x00007fff7e165000 	C:\Windows\SYSTEM32\profapi.dll
0x00007fff6d880000 - 0x00007fff6d899000 	C:\Program Files\Java\jdk-11.0.1\bin\net.dll
0x00007fff78690000 - 0x00007fff7879a000 	C:\Windows\SYSTEM32\WINHTTP.dll
0x00007fff7d9a0000 - 0x00007fff7da0c000 	C:\Windows\system32\mswsock.dll
0x00007fff6d770000 - 0x00007fff6d783000 	C:\Program Files\Java\jdk-11.0.1\bin\nio.dll
0x00007fff16e40000 - 0x00007fff16fdf000 	C:\Program Files\Java\jdk-11.0.1\bin\awt.dll
0x00007fff79080000 - 0x00007fff79640000 	C:\Windows\SYSTEM32\d2d1.dll
0x00007fff7ae00000 - 0x00007fff7ae94000 	C:\Windows\SYSTEM32\apphelp.dll
0x00007fff7bb00000 - 0x00007fff7bb9e000 	C:\Windows\system32\uxtheme.dll
0x00007fff45540000 - 0x00007fff45673000 	C:\ProgramData\A-Volute\A-Volute.Nahimic\Modules\Scheduled\x64\AudioDevProps2.dll
0x00007fff7f0f0000 - 0x00007fff7f21b000 	C:\Windows\System32\ole32.dll
0x00007fff80980000 - 0x00007fff80a95000 	C:\Windows\System32\MSCTF.dll
0x00007fff68620000 - 0x00007fff68647000 	C:\Program Files\Java\jdk-11.0.1\bin\javaaccessbridge.dll
0x00007fff6f520000 - 0x00007fff6f527000 	C:\Program Files\Java\jdk-11.0.1\bin\jawt.dll
0x00007fff7beb0000 - 0x00007fff7bedf000 	C:\Windows\system32\DWMAPI.DLL
0x00007fff48160000 - 0x00007fff481e0000 	C:\Program Files\Java\jdk-11.0.1\bin\freetype.dll
0x00007fff480f0000 - 0x00007fff4815f000 	C:\Program Files\Java\jdk-11.0.1\bin\fontmanager.dll
0x00007fff48ef0000 - 0x00007fff49018000 	C:\Windows\system32\opengl32.dll
0x00007fff6bf00000 - 0x00007fff6bf2c000 	C:\Windows\SYSTEM32\GLU32.dll
0x00007fff6e140000 - 0x00007fff6e146000 	C:\Users\AD\AppData\Local\Temp\flatlaf.temp\flatlaf-windows-x86_64-1561275380194000.dll
0x00007fff7f5a0000 - 0x00007fff7f649000 	C:\Windows\System32\clbcatq.dll
0x00007fff7b8b0000 - 0x00007fff7ba64000 	C:\Windows\SYSTEM32\WindowsCodecs.dll
0x00007fff48a90000 - 0x00007fff48ace000 	C:\Windows\system32\dataexchange.dll
0x00007fff79640000 - 0x00007fff798a4000 	C:\Windows\system32\d3d11.dll
0x00007fff79ee0000 - 0x00007fff7a0c4000 	C:\Windows\system32\dcomp.dll
0x00007fff7cbc0000 - 0x00007fff7ccb6000 	C:\Windows\system32\dxgi.dll
0x00007fff778f0000 - 0x00007fff77af3000 	C:\Windows\system32\twinapi.appcore.dll
0x00007fff41660000 - 0x00007fff41759000 	C:\Windows\SYSTEM32\textinputframework.dll
0x00007fff7a5a0000 - 0x00007fff7a8fb000 	C:\Windows\System32\CoreUIComponents.dll
0x00007fff7a930000 - 0x00007fff7aa22000 	C:\Windows\System32\CoreMessaging.dll
0x00007fff7d4a0000 - 0x00007fff7d4d3000 	C:\Windows\SYSTEM32\ntmarta.dll
0x00007fff79d50000 - 0x00007fff79ea7000 	C:\Windows\SYSTEM32\wintypes.dll
0x00007fff56dc0000 - 0x00007fff56dd7000 	C:\Windows\system32\napinsp.dll
0x00007fff58400000 - 0x00007fff5841b000 	C:\Windows\system32\pnrpnsp.dll
0x00007fff56da0000 - 0x00007fff56dbd000 	C:\Windows\system32\wshbth.dll
0x00007fff7a910000 - 0x00007fff7a92d000 	C:\Windows\system32\NLAapi.dll
0x00007fff7d630000 - 0x00007fff7d66b000 	C:\Windows\SYSTEM32\IPHLPAPI.DLL
0x00007fff7d670000 - 0x00007fff7d73a000 	C:\Windows\SYSTEM32\DNSAPI.dll
0x00007fff7f590000 - 0x00007fff7f598000 	C:\Windows\System32\NSI.dll
0x00007fff56d80000 - 0x00007fff56d92000 	C:\Windows\System32\winrnr.dll
0x0000000051ac0000 - 0x0000000051ae6000 	C:\Program Files\Bonjour\mdnsNSP.dll
0x00007fff776a0000 - 0x00007fff776aa000 	C:\Windows\System32\rasadhlp.dll
0x00007fff76e00000 - 0x00007fff76e80000 	C:\Windows\System32\fwpuclnt.dll
0x00007fff7dba0000 - 0x00007fff7dbb8000 	C:\Windows\SYSTEM32\CRYPTSP.dll
0x00007fff7d250000 - 0x00007fff7d288000 	C:\Windows\system32\rsaenh.dll
0x00007fff7e100000 - 0x00007fff7e12e000 	C:\Windows\SYSTEM32\USERENV.dll
0x00007fff7db90000 - 0x00007fff7db9c000 	C:\Windows\SYSTEM32\CRYPTBASE.dll
0x00007fff79ec0000 - 0x00007fff79ed7000 	C:\Windows\SYSTEM32\dhcpcsvc6.DLL
0x00007fff79d30000 - 0x00007fff79d4d000 	C:\Windows\SYSTEM32\dhcpcsvc.DLL
0x00007fff6df80000 - 0x00007fff6df8d000 	C:\Program Files\Java\jdk-11.0.1\bin\sunmscapi.dll
0x00007fff7e6d0000 - 0x00007fff7e82d000 	C:\Windows\System32\CRYPT32.dll
0x00007fff7dcb0000 - 0x00007fff7dcd7000 	C:\Windows\SYSTEM32\ncrypt.dll
0x00007fff7dc70000 - 0x00007fff7dcab000 	C:\Windows\SYSTEM32\NTASN1.dll
0x00007fff6d7c0000 - 0x00007fff6d7e7000 	C:\Program Files\Java\jdk-11.0.1\bin\sunec.dll

dbghelp: loaded successfully - version: 4.0.5 - missing functions: none
symbol engine: initialized successfully - sym options: 0x614 - pdb path: .;C:\Program Files\Java\jdk-11.0.1\bin;C:\Windows\SYSTEM32;C:\Windows\WinSxS\amd64_microsoft.windows.common-controls_6595b64144ccf1df_6.0.19041.5794_none_60bcd33171f2783c;C:\Program Files\Java\jdk-11.0.1\bin\server;C:\ProgramData\A-Volute\A-Volute.Nahimic\Modules\Scheduled\x64;C:\Users\AD\AppData\Local\Temp\flatlaf.temp;C:\Program Files\Bonjour

VM Arguments:
java_command: QLTN.UI.HomeJFrame
java_class_path (initial): D:\UIT\KY_2\IE303_Java\ASM\Git\QuanLyTiemNet\target\classes;C:\Users\AD\.m2\repository\com\microsoft\sqlserver\mssql-jdbc\8.2.2.jre8\mssql-jdbc-8.2.2.jre8.jar;C:\Users\AD\.m2\repository\com\toedter\jcalendar\1.4\jcalendar-1.4.jar;C:\Users\AD\.m2\repository\org\netbeans\external\AbsoluteLayout\RELEASE126\AbsoluteLayout-RELEASE126.jar;C:\Users\AD\.m2\repository\unknown\binary\KControls-2.0\SNAPSHOT\KControls-2.0-SNAPSHOT.jar;C:\Users\AD\.m2\repository\unknown\binary\AnimatonClass\SNAPSHOT\AnimatonClass-SNAPSHOT.jar;C:\Users\AD\.m2\repository\org\mindrot\jbcrypt\0.4\jbcrypt-0.4.jar;C:\Users\AD\.m2\repository\unknown\binary\miglayout-4.0\SNAPSHOT\miglayout-4.0-SNAPSHOT.jar;C:\Users\AD\.m2\repository\unknown\binary\TimingFramework-0.55\SNAPSHOT\TimingFramework-0.55-SNAPSHOT.jar;C:\Users\AD\.m2\repository\org\jfree\jcommon\1.0.23\jcommon-1.0.23.jar;C:\Users\AD\.m2\repository\org\jfree\jfreechart\1.0.19\jfreechart-1.0.19.jar;C:\Users\AD\.m2\repository\unknown\binary\flatlaf-2.6\SNAPSHOT\flatlaf-2.6-SNAPSHOT.jar
Launcher Type: SUN_STANDARD

[Global flags]
     intx CICompilerCount                          = 4                                         {product} {ergonomic}
     uint ConcGCThreads                            = 3                                         {product} {ergonomic}
     uint G1ConcRefinementThreads                  = 10                                        {product} {ergonomic}
   size_t G1HeapRegionSize                         = 1048576                                   {product} {ergonomic}
    uintx GCDrainStackTargetSize                   = 64                                        {product} {ergonomic}
   size_t InitialHeapSize                          = 266338304                                 {product} {ergonomic}
   size_t MarkStackSize                            = 4194304                                   {product} {ergonomic}
   size_t MaxHeapSize                              = 4248829952                                {product} {ergonomic}
   size_t MaxNewSize                               = 2549088256                                {product} {ergonomic}
   size_t MinHeapDeltaBytes                        = 1048576                                   {product} {ergonomic}
    uintx NonNMethodCodeHeapSize                   = 5835340                                {pd product} {ergonomic}
    uintx NonProfiledCodeHeapSize                  = 122911450                              {pd product} {ergonomic}
    uintx ProfiledCodeHeapSize                     = 122911450                              {pd product} {ergonomic}
    uintx ReservedCodeCacheSize                    = 251658240                              {pd product} {ergonomic}
     bool SegmentedCodeCache                       = true                                      {product} {ergonomic}
     bool UseCompressedClassPointers               = true                                 {lp64_product} {ergonomic}
     bool UseCompressedOops                        = true                                 {lp64_product} {ergonomic}
     bool UseG1GC                                  = true                                      {product} {ergonomic}
     bool UseLargePagesIndividualAllocation        = false                                  {pd product} {ergonomic}

Logging:
Log output configuration:
 #0: stdout all=warning uptime,level,tags
 #1: stderr all=off uptime,level,tags

Environment Variables:
JAVA_HOME=C:\Program Files\Java\jdk-11.0.1
PATH=C:\Program Files (x86)\Common Files\Oracle\Java\javapath;C:\Program Files\Java\jdk-11.0.1\bin;C:\Program Files\Common Files\Oracle\Java\javapath;C:\Windows\system32;C:\Windows;C:\Windows\System32\Wbem;C:\Windows\System32\WindowsPowerShell\v1.0\;C:\Windows\System32\OpenSSH\;C:\Program Files (x86)\NVIDIA Corporation\PhysX\Common;C:\Program Files\NVIDIA Corporation\NVIDIA NvDLISR;C:\TDM-GCC-64\bin;C:\Program Files\Microsoft SQL Server\120\DTS\Binn\;C:\Program Files\Microsoft SQL Server\Client SDK\ODBC\110\Tools\Binn\;C:\Program Files (x86)\Microsoft SQL Server\120\Tools\Binn\;C:\Program Files\Microsoft SQL Server\120\Tools\Binn\;C:\Program Files (x86)\Microsoft SQL Server\120\Tools\Binn\ManagementStudio\;C:\Program Files (x86)\Microsoft SQL Server\120\DTS\Binn\;C:\Program Files\Git\cmd;C:\Program Files\nodejs\;C:\Users\AD\Downloads\sqlite3;C:\Users\AD\AppData\Local\Programs\Python\Python313\Scripts\pyuic5.exe;C:\Users\AD\AppData\Local\Programs\Python\Python313\Scripts\;C:\Users\AD\AppData\Local\Programs\Python\Python313\;C:\Users\AD\AppData\Local\Programs\Python\Launcher\;C:\Program Files\Java\jdk-11.0.1\bin;C:\Program Files\MySQL\MySQL Shell 8.0\bin\;C:\Users\AD\AppData\Local\Microsoft\WindowsApps;C:\Users\AD\AppData\Local\Programs\Microsoft VS Code\bin;C:\Users\AD\AppData\Local\GitHubDesktop\bin;C:\Users\AD\AppData\Roaming\npm;C:\Program Files\JetBrains\PyCharm 2025.1\bin;
USERNAME=AD
OS=Windows_NT
PROCESSOR_IDENTIFIER=Intel64 Family 6 Model 165 Stepping 2, GenuineIntel



---------------  S Y S T E M  ---------------

OS: Windows 10 , 64 bit Build 19041 (10.0.19041.5794)

CPU:total 12 (initial active 12) (6 cores per cpu, 2 threads per core) family 6 model 165 stepping 2, cmov, cx8, fxsr, mmx, sse, sse2, sse3, ssse3, sse4.1, sse4.2, popcnt, avx, avx2, aes, clmul, erms, 3dnowpref, lzcnt, ht, tsc, tscinvbit, bmi1, bmi2, adx, fma

Memory: 4k page, system-wide physical 16205M (3389M free)
TotalPageFile size 18253M (AvailPageFile size 48M)
current process WorkingSet (physical memory assigned to process): 165M, peak: 173M
current process commit charge ("private bytes"): 408M, peak: 426M

vm_info: Java HotSpot(TM) 64-Bit Server VM (11.0.1+13-LTS) for windows-amd64 JRE (11.0.1+13-LTS), built on Oct  6 2018 13:20:16 by "mach5one" with MS VC++ 15.5 (VS2017)

END.
