#
# There is insufficient memory for the Java Runtime Environment to continue.
# Native memory allocation (malloc) failed to allocate 343856 bytes for Chunk::new
# Possible reasons:
#   The system is out of physical RAM or swap space
#   The process is running with CompressedOops enabled, and the Java Heap may be blocking the growth of the native heap
# Possible solutions:
#   Reduce memory load on the system
#   Increase physical memory or swap space
#   Check if swap backing store is full
#   Decrease Java heap size (-Xmx/-Xms)
#   Decrease number of Java threads
#   Decrease Java thread stack sizes (-Xss)
#   Set larger code cache with -XX:ReservedCodeCacheSize=
#   JVM is running with Zero Based Compressed Oops mode in which the Java heap is
#     placed in the first 32GB address space. The Java Heap base address is the
#     maximum limit for the native heap growth. Please use -XX:HeapBaseMinAddress
#     to set the Java Heap base and to place the Java Heap above 32GB virtual address.
# This output file may be truncated or incomplete.
#
#  Out of Memory Error (t:/workspace/open/src/hotspot/share/memory/arena.cpp:197), pid=21156, tid=2936
#
# JRE version: Java(TM) SE Runtime Environment (11.0.1+13) (build 11.0.1+13-LTS)
# Java VM: Java HotSpot(TM) 64-Bit Server VM (11.0.1+13-LTS, mixed mode, tiered, compressed oops, g1 gc, windows-amd64)
# No core dump will be written. Minidumps are not enabled by default on client versions of Windows
#

---------------  S U M M A R Y ------------

Command Line: QLTN.UI.HomeJFrame

Host: Intel(R) Core(TM) i7-10750H CPU @ 2.60GHz, 12 cores, 15G,  Windows 10 , 64 bit Build 19041 (10.0.19041.5794)
Time: Sun May 25 15:47:41 2025 SE Asia Standard Time elapsed time: 14 seconds (0d 0h 0m 14s)

---------------  T H R E A D  ---------------

Current thread (0x000001580bb0f000):  JavaThread "C2 CompilerThread0" daemon [_thread_in_native, id=2936, stack(0x0000004363f00000,0x0000004364000000)]


Current CompileTask:
C2:  14362 3317   !   4       javax.swing.JComponent::paintChildren (691 bytes)

Stack: [0x0000004363f00000,0x0000004364000000]
Native frames: (J=compiled Java code, j=interpreted, Vv=VM code, C=native code)
V  [jvm.dll+0x63c21a]
V  [jvm.dll+0x7797df]
V  [jvm.dll+0x77adca]
V  [jvm.dll+0x77b483]
V  [jvm.dll+0x2627f8]
V  [jvm.dll+0xc5c71]
V  [jvm.dll+0xc61fc]
V  [jvm.dll+0x2d10f4]
V  [jvm.dll+0x55412f]
V  [jvm.dll+0x21df25]
V  [jvm.dll+0x21b846]
V  [jvm.dll+0x198390]
V  [jvm.dll+0x22a97f]
V  [jvm.dll+0x228f98]
V  [jvm.dll+0x73f03d]
V  [jvm.dll+0x63b2b2]
C  [ucrtbase.dll+0x21bb2]
C  [KERNEL32.DLL+0x17374]
C  [ntdll.dll+0x4cc91]


---------------  P R O C E S S  ---------------

Threads class SMR info:
_java_thread_list=0x000001580bfa36e0, length=17, elements={
0x000001580b1ff800, 0x000001580b209000, 0x000001580bb0a800, 0x000001580bb0c000,
0x000001580bb0f000, 0x000001580bb1b000, 0x000001580bb3f800, 0x000001580bcbd800,
0x000001580bcb1000, 0x000001580c195800, 0x000001580c196800, 0x000001580c198000,
0x000001580c236000, 0x000001580c2de800, 0x000001580bcc0800, 0x00000158674fc000,
0x000001580e448000
}

Java Threads: ( => current thread )
  0x000001580b1ff800 JavaThread "Reference Handler" daemon [_thread_blocked, id=15748, stack(0x0000004363b00000,0x0000004363c00000)]
  0x000001580b209000 JavaThread "Finalizer" daemon [_thread_blocked, id=16640, stack(0x0000004363c00000,0x0000004363d00000)]
  0x000001580bb0a800 JavaThread "Signal Dispatcher" daemon [_thread_blocked, id=19564, stack(0x0000004363d00000,0x0000004363e00000)]
  0x000001580bb0c000 JavaThread "Attach Listener" daemon [_thread_blocked, id=7300, stack(0x0000004363e00000,0x0000004363f00000)]
=>0x000001580bb0f000 JavaThread "C2 CompilerThread0" daemon [_thread_in_native, id=2936, stack(0x0000004363f00000,0x0000004364000000)]
  0x000001580bb1b000 JavaThread "C1 CompilerThread0" daemon [_thread_blocked, id=6752, stack(0x0000004364000000,0x0000004364100000)]
  0x000001580bb3f800 JavaThread "Sweeper thread" daemon [_thread_blocked, id=21372, stack(0x0000004364100000,0x0000004364200000)]
  0x000001580bcbd800 JavaThread "Service Thread" daemon [_thread_blocked, id=13856, stack(0x0000004364200000,0x0000004364300000)]
  0x000001580bcb1000 JavaThread "Common-Cleaner" daemon [_thread_blocked, id=17772, stack(0x0000004364400000,0x0000004364500000)]
  0x000001580c195800 JavaThread "Java2D Disposer" daemon [_thread_blocked, id=2252, stack(0x0000004364500000,0x0000004364600000)]
  0x000001580c196800 JavaThread "AWT-Shutdown" [_thread_blocked, id=20796, stack(0x0000004364600000,0x0000004364700000)]
  0x000001580c198000 JavaThread "AWT-Windows" daemon [_thread_in_native, id=9428, stack(0x0000004364700000,0x0000004364800000)]
  0x000001580c236000 JavaThread "EventQueueMonitor-ComponentEvtDispatch" daemon [_thread_blocked, id=12132, stack(0x0000004364800000,0x0000004364900000)]
  0x000001580c2de800 JavaThread "Thread-1" daemon [_thread_in_native, id=4176, stack(0x0000004364900000,0x0000004364a00000)]
  0x000001580bcc0800 JavaThread "AWT-EventQueue-0" [_thread_blocked, id=11464, stack(0x0000004364c00000,0x0000004364d00000)]
  0x00000158674fc000 JavaThread "DestroyJavaVM" [_thread_blocked, id=18900, stack(0x0000004363400000,0x0000004363500000)]
  0x000001580e448000 JavaThread "TimerQueue" daemon [_thread_blocked, id=20684, stack(0x0000004364d00000,0x0000004364e00000)]

Other Threads:
  0x000001580b1fc000 VMThread "VM Thread" [stack: 0x0000004363a00000,0x0000004363b00000] [id=7532]
  0x000001580bcaf000 WatcherThread [stack: 0x0000004364300000,0x0000004364400000] [id=17144]
  0x0000015867514000 GCTaskThread "GC Thread#0" [stack: 0x0000004363500000,0x0000004363600000] [id=1436]
  0x000001580e328000 GCTaskThread "GC Thread#1" [stack: 0x0000004364b00000,0x0000004364c00000] [id=18296]
  0x000001580e7b7800 GCTaskThread "GC Thread#2" [stack: 0x0000004365100000,0x0000004365200000] [id=16644]
  0x000001580ea49800 GCTaskThread "GC Thread#3" [stack: 0x0000004365200000,0x0000004365300000] [id=4144]
  0x000001580ea4a000 GCTaskThread "GC Thread#4" [stack: 0x0000004365300000,0x0000004365400000] [id=1972]
  0x000001580bfc0800 GCTaskThread "GC Thread#5" [stack: 0x0000004365400000,0x0000004365500000] [id=19728]
  0x0000015867572800 ConcurrentGCThread "G1 Main Marker" [stack: 0x0000004363600000,0x0000004363700000] [id=20044]
  0x0000015867574800 ConcurrentGCThread "G1 Conc#0" [stack: 0x0000004363700000,0x0000004363800000] [id=19764]
  0x000001580be1c000 ConcurrentGCThread "G1 Conc#1" [stack: 0x0000004365500000,0x0000004365600000] [id=20648]
  0x000001580c1c0800 ConcurrentGCThread "G1 Conc#2" [stack: 0x0000004365600000,0x0000004365700000] [id=16628]
  0x000001580b0e5800 ConcurrentGCThread "G1 Refine#0" [stack: 0x0000004363800000,0x0000004363900000] [id=11356]
  0x000001580b0e6800 ConcurrentGCThread "G1 Young RemSet Sampling" [stack: 0x0000004363900000,0x0000004363a00000] [id=21092]

Threads with active compile tasks:
C2 CompilerThread03317   !   4       javax.swing.JComponent::paintChildren (691 bytes)

VM state:not at safepoint (normal execution)

VM Mutex/Monitor currently owned by a thread: None

Heap address: 0x0000000702c00000, size: 4052 MB, Compressed Oops mode: Zero based, Oop shift amount: 3
Narrow klass base: 0x0000000800000000, Narrow klass shift: 0
Compressed class space size: 1073741824 Address: 0x0000000800000000

Heap:
 garbage-first heap   total 260096K, used 52172K [0x0000000702c00000, 0x0000000800000000)
  region size 1024K, 35 young (35840K), 2 survivors (2048K)
 Metaspace       used 29347K, capacity 29960K, committed 30128K, reserved 1077248K
  class space    used 3062K, capacity 3321K, committed 3328K, reserved 1048576K
Heap Regions: E=young(eden), S=young(survivor), O=old, HS=humongous(starts), HC=humongous(continues), CS=collection set, F=free, A=archive, TAMS=top-at-mark-start (previous, next)
|   0|0x0000000702c00000, 0x0000000702d00000, 0x0000000702d00000|100%|HS|  |TAMS 0x0000000702d00000, 0x0000000702c00000| Complete 
|   1|0x0000000702d00000, 0x0000000702e00000, 0x0000000702e00000|100%|HC|  |TAMS 0x0000000702e00000, 0x0000000702d00000| Complete 
|   2|0x0000000702e00000, 0x0000000702f00000, 0x0000000702f00000|100%| O|  |TAMS 0x0000000702f00000, 0x0000000702e00000| Untracked 
|   3|0x0000000702f00000, 0x0000000703000000, 0x0000000703000000|100%| O|  |TAMS 0x0000000702f8b200, 0x0000000702f00000| Untracked 
|   4|0x0000000703000000, 0x0000000703100000, 0x0000000703100000|100%| O|  |TAMS 0x0000000703000000, 0x0000000703000000| Untracked 
|   5|0x0000000703100000, 0x0000000703200000, 0x0000000703200000|100%| O|  |TAMS 0x0000000703100000, 0x0000000703100000| Untracked 
|   6|0x0000000703200000, 0x000000070329ae00, 0x0000000703300000| 60%| O|  |TAMS 0x0000000703200000, 0x0000000703200000| Untracked 
|   7|0x0000000703300000, 0x0000000703400000, 0x0000000703400000|100%|HS|  |TAMS 0x0000000703300000, 0x0000000703300000| Complete 
|   8|0x0000000703400000, 0x0000000703500000, 0x0000000703500000|100%|HC|  |TAMS 0x0000000703400000, 0x0000000703400000| Complete 
|   9|0x0000000703500000, 0x0000000703600000, 0x0000000703600000|100%|HS|  |TAMS 0x0000000703500000, 0x0000000703500000| Complete 
|  10|0x0000000703600000, 0x0000000703700000, 0x0000000703700000|100%|HC|  |TAMS 0x0000000703600000, 0x0000000703600000| Complete 
|  11|0x0000000703700000, 0x0000000703800000, 0x0000000703800000|100%|HS|  |TAMS 0x0000000703700000, 0x0000000703700000| Complete 
|  12|0x0000000703800000, 0x0000000703900000, 0x0000000703900000|100%|HC|  |TAMS 0x0000000703800000, 0x0000000703800000| Complete 
|  13|0x0000000703900000, 0x0000000703a00000, 0x0000000703a00000|100%|HS|  |TAMS 0x0000000703900000, 0x0000000703900000| Complete 
|  14|0x0000000703a00000, 0x0000000703b00000, 0x0000000703b00000|100%|HC|  |TAMS 0x0000000703a00000, 0x0000000703a00000| Complete 
|  15|0x0000000703b00000, 0x0000000703c00000, 0x0000000703c00000|100%|HC|  |TAMS 0x0000000703b00000, 0x0000000703b00000| Complete 
|  16|0x0000000703c00000, 0x0000000703d00000, 0x0000000703d00000|100%|HC|  |TAMS 0x0000000703c00000, 0x0000000703c00000| Complete 
|  17|0x0000000703d00000, 0x0000000703e00000, 0x0000000703e00000|100%|HC|  |TAMS 0x0000000703d00000, 0x0000000703d00000| Complete 
|  18|0x0000000703e00000, 0x0000000703e00000, 0x0000000703f00000|  0%| F|  |TAMS 0x0000000703e00000, 0x0000000703e00000| Untracked 
|  19|0x0000000703f00000, 0x0000000703f00000, 0x0000000704000000|  0%| F|  |TAMS 0x0000000703f00000, 0x0000000703f00000| Untracked 
|  20|0x0000000704000000, 0x0000000704000000, 0x0000000704100000|  0%| F|  |TAMS 0x0000000704000000, 0x0000000704000000| Untracked 
|  21|0x0000000704100000, 0x0000000704100000, 0x0000000704200000|  0%| F|  |TAMS 0x0000000704100000, 0x0000000704100000| Untracked 
|  22|0x0000000704200000, 0x0000000704200000, 0x0000000704300000|  0%| F|  |TAMS 0x0000000704200000, 0x0000000704200000| Untracked 
|  23|0x0000000704300000, 0x0000000704300000, 0x0000000704400000|  0%| F|  |TAMS 0x0000000704300000, 0x0000000704300000| Untracked 
|  24|0x0000000704400000, 0x0000000704400000, 0x0000000704500000|  0%| F|  |TAMS 0x0000000704400000, 0x0000000704400000| Untracked 
|  25|0x0000000704500000, 0x0000000704500000, 0x0000000704600000|  0%| F|  |TAMS 0x0000000704500000, 0x0000000704500000| Untracked 
|  26|0x0000000704600000, 0x0000000704600000, 0x0000000704700000|  0%| F|  |TAMS 0x0000000704600000, 0x0000000704600000| Untracked 
|  27|0x0000000704700000, 0x0000000704700000, 0x0000000704800000|  0%| F|  |TAMS 0x0000000704700000, 0x0000000704700000| Untracked 
|  28|0x0000000704800000, 0x0000000704800000, 0x0000000704900000|  0%| F|  |TAMS 0x0000000704800000, 0x0000000704800000| Untracked 
|  29|0x0000000704900000, 0x0000000704900000, 0x0000000704a00000|  0%| F|  |TAMS 0x0000000704900000, 0x0000000704900000| Untracked 
|  30|0x0000000704a00000, 0x0000000704a00000, 0x0000000704b00000|  0%| F|  |TAMS 0x0000000704a00000, 0x0000000704a00000| Untracked 
|  31|0x0000000704b00000, 0x0000000704b00000, 0x0000000704c00000|  0%| F|  |TAMS 0x0000000704b00000, 0x0000000704b00000| Untracked 
|  32|0x0000000704c00000, 0x0000000704c00000, 0x0000000704d00000|  0%| F|  |TAMS 0x0000000704c00000, 0x0000000704c00000| Untracked 
|  33|0x0000000704d00000, 0x0000000704d00000, 0x0000000704e00000|  0%| F|  |TAMS 0x0000000704d00000, 0x0000000704d00000| Untracked 
|  34|0x0000000704e00000, 0x0000000704e00000, 0x0000000704f00000|  0%| F|  |TAMS 0x0000000704e00000, 0x0000000704e00000| Untracked 
|  35|0x0000000704f00000, 0x0000000704f00000, 0x0000000705000000|  0%| F|  |TAMS 0x0000000704f00000, 0x0000000704f00000| Untracked 
|  36|0x0000000705000000, 0x0000000705000000, 0x0000000705100000|  0%| F|  |TAMS 0x0000000705000000, 0x0000000705000000| Untracked 
|  37|0x0000000705100000, 0x0000000705100000, 0x0000000705200000|  0%| F|  |TAMS 0x0000000705100000, 0x0000000705100000| Untracked 
|  38|0x0000000705200000, 0x0000000705200000, 0x0000000705300000|  0%| F|  |TAMS 0x0000000705200000, 0x0000000705200000| Untracked 
|  39|0x0000000705300000, 0x0000000705300000, 0x0000000705400000|  0%| F|  |TAMS 0x0000000705300000, 0x0000000705300000| Untracked 
|  40|0x0000000705400000, 0x0000000705400000, 0x0000000705500000|  0%| F|  |TAMS 0x0000000705400000, 0x0000000705400000| Untracked 
|  41|0x0000000705500000, 0x0000000705500000, 0x0000000705600000|  0%| F|  |TAMS 0x0000000705500000, 0x0000000705500000| Untracked 
|  42|0x0000000705600000, 0x0000000705600000, 0x0000000705700000|  0%| F|  |TAMS 0x0000000705600000, 0x0000000705600000| Untracked 
|  43|0x0000000705700000, 0x0000000705700000, 0x0000000705800000|  0%| F|  |TAMS 0x0000000705700000, 0x0000000705700000| Untracked 
|  44|0x0000000705800000, 0x0000000705800000, 0x0000000705900000|  0%| F|  |TAMS 0x0000000705800000, 0x0000000705800000| Untracked 
|  45|0x0000000705900000, 0x0000000705900000, 0x0000000705a00000|  0%| F|  |TAMS 0x0000000705900000, 0x0000000705900000| Untracked 
|  46|0x0000000705a00000, 0x0000000705a00000, 0x0000000705b00000|  0%| F|  |TAMS 0x0000000705a00000, 0x0000000705a00000| Untracked 
|  47|0x0000000705b00000, 0x0000000705b00000, 0x0000000705c00000|  0%| F|  |TAMS 0x0000000705b00000, 0x0000000705b00000| Untracked 
|  48|0x0000000705c00000, 0x0000000705c00000, 0x0000000705d00000|  0%| F|  |TAMS 0x0000000705c00000, 0x0000000705c00000| Untracked 
|  49|0x0000000705d00000, 0x0000000705d00000, 0x0000000705e00000|  0%| F|  |TAMS 0x0000000705d00000, 0x0000000705d00000| Untracked 
|  50|0x0000000705e00000, 0x0000000705e00000, 0x0000000705f00000|  0%| F|  |TAMS 0x0000000705e00000, 0x0000000705e00000| Untracked 
|  51|0x0000000705f00000, 0x0000000705f00000, 0x0000000706000000|  0%| F|  |TAMS 0x0000000705f00000, 0x0000000705f00000| Untracked 
|  52|0x0000000706000000, 0x0000000706000000, 0x0000000706100000|  0%| F|  |TAMS 0x0000000706000000, 0x0000000706000000| Untracked 
|  53|0x0000000706100000, 0x0000000706100000, 0x0000000706200000|  0%| F|  |TAMS 0x0000000706100000, 0x0000000706100000| Untracked 
|  54|0x0000000706200000, 0x0000000706200000, 0x0000000706300000|  0%| F|  |TAMS 0x0000000706200000, 0x0000000706200000| Untracked 
|  55|0x0000000706300000, 0x0000000706300000, 0x0000000706400000|  0%| F|  |TAMS 0x0000000706300000, 0x0000000706300000| Untracked 
|  56|0x0000000706400000, 0x0000000706400000, 0x0000000706500000|  0%| F|  |TAMS 0x0000000706400000, 0x0000000706400000| Untracked 
|  57|0x0000000706500000, 0x0000000706500000, 0x0000000706600000|  0%| F|  |TAMS 0x0000000706500000, 0x0000000706500000| Untracked 
|  58|0x0000000706600000, 0x0000000706600000, 0x0000000706700000|  0%| F|  |TAMS 0x0000000706600000, 0x0000000706600000| Untracked 
|  59|0x0000000706700000, 0x0000000706700000, 0x0000000706800000|  0%| F|  |TAMS 0x0000000706700000, 0x0000000706700000| Untracked 
|  60|0x0000000706800000, 0x0000000706800000, 0x0000000706900000|  0%| F|  |TAMS 0x0000000706800000, 0x0000000706800000| Untracked 
|  61|0x0000000706900000, 0x0000000706900000, 0x0000000706a00000|  0%| F|  |TAMS 0x0000000706900000, 0x0000000706900000| Untracked 
|  62|0x0000000706a00000, 0x0000000706a00000, 0x0000000706b00000|  0%| F|  |TAMS 0x0000000706a00000, 0x0000000706a00000| Untracked 
|  63|0x0000000706b00000, 0x0000000706b00000, 0x0000000706c00000|  0%| F|  |TAMS 0x0000000706b00000, 0x0000000706b00000| Untracked 
|  64|0x0000000706c00000, 0x0000000706c00000, 0x0000000706d00000|  0%| F|  |TAMS 0x0000000706c00000, 0x0000000706c00000| Untracked 
|  65|0x0000000706d00000, 0x0000000706d00000, 0x0000000706e00000|  0%| F|  |TAMS 0x0000000706d00000, 0x0000000706d00000| Untracked 
|  66|0x0000000706e00000, 0x0000000706e00000, 0x0000000706f00000|  0%| F|  |TAMS 0x0000000706e00000, 0x0000000706e00000| Untracked 
|  67|0x0000000706f00000, 0x0000000706f00000, 0x0000000707000000|  0%| F|  |TAMS 0x0000000706f00000, 0x0000000706f00000| Untracked 
|  68|0x0000000707000000, 0x0000000707000000, 0x0000000707100000|  0%| F|  |TAMS 0x0000000707000000, 0x0000000707000000| Untracked 
|  69|0x0000000707100000, 0x0000000707100000, 0x0000000707200000|  0%| F|  |TAMS 0x0000000707100000, 0x0000000707100000| Untracked 
|  70|0x0000000707200000, 0x0000000707200000, 0x0000000707300000|  0%| F|  |TAMS 0x0000000707200000, 0x0000000707200000| Untracked 
|  71|0x0000000707300000, 0x0000000707300000, 0x0000000707400000|  0%| F|  |TAMS 0x0000000707300000, 0x0000000707300000| Untracked 
|  72|0x0000000707400000, 0x0000000707400000, 0x0000000707500000|  0%| F|  |TAMS 0x0000000707400000, 0x0000000707400000| Untracked 
|  73|0x0000000707500000, 0x0000000707500000, 0x0000000707600000|  0%| F|  |TAMS 0x0000000707500000, 0x0000000707500000| Untracked 
|  74|0x0000000707600000, 0x0000000707600000, 0x0000000707700000|  0%| F|  |TAMS 0x0000000707600000, 0x0000000707600000| Untracked 
|  75|0x0000000707700000, 0x0000000707700000, 0x0000000707800000|  0%| F|  |TAMS 0x0000000707700000, 0x0000000707700000| Untracked 
|  76|0x0000000707800000, 0x0000000707800000, 0x0000000707900000|  0%| F|  |TAMS 0x0000000707800000, 0x0000000707800000| Untracked 
|  77|0x0000000707900000, 0x0000000707900000, 0x0000000707a00000|  0%| F|  |TAMS 0x0000000707900000, 0x0000000707900000| Untracked 
|  78|0x0000000707a00000, 0x0000000707a00000, 0x0000000707b00000|  0%| F|  |TAMS 0x0000000707a00000, 0x0000000707a00000| Untracked 
|  79|0x0000000707b00000, 0x0000000707b00000, 0x0000000707c00000|  0%| F|  |TAMS 0x0000000707b00000, 0x0000000707b00000| Untracked 
|  80|0x0000000707c00000, 0x0000000707c00000, 0x0000000707d00000|  0%| F|  |TAMS 0x0000000707c00000, 0x0000000707c00000| Untracked 
|  81|0x0000000707d00000, 0x0000000707d00000, 0x0000000707e00000|  0%| F|  |TAMS 0x0000000707d00000, 0x0000000707d00000| Untracked 
|  82|0x0000000707e00000, 0x0000000707e00000, 0x0000000707f00000|  0%| F|  |TAMS 0x0000000707e00000, 0x0000000707e00000| Untracked 
|  83|0x0000000707f00000, 0x0000000707f00000, 0x0000000708000000|  0%| F|  |TAMS 0x0000000707f00000, 0x0000000707f00000| Untracked 
|  84|0x0000000708000000, 0x0000000708000000, 0x0000000708100000|  0%| F|  |TAMS 0x0000000708000000, 0x0000000708000000| Untracked 
|  85|0x0000000708100000, 0x0000000708100000, 0x0000000708200000|  0%| F|  |TAMS 0x0000000708100000, 0x0000000708100000| Untracked 
|  86|0x0000000708200000, 0x0000000708200000, 0x0000000708300000|  0%| F|  |TAMS 0x0000000708200000, 0x0000000708200000| Untracked 
|  87|0x0000000708300000, 0x0000000708300000, 0x0000000708400000|  0%| F|  |TAMS 0x0000000708300000, 0x0000000708300000| Untracked 
|  88|0x0000000708400000, 0x0000000708400000, 0x0000000708500000|  0%| F|  |TAMS 0x0000000708400000, 0x0000000708400000| Untracked 
|  89|0x0000000708500000, 0x0000000708500000, 0x0000000708600000|  0%| F|  |TAMS 0x0000000708500000, 0x0000000708500000| Untracked 
|  90|0x0000000708600000, 0x0000000708600000, 0x0000000708700000|  0%| F|  |TAMS 0x0000000708600000, 0x0000000708600000| Untracked 
|  91|0x0000000708700000, 0x0000000708700000, 0x0000000708800000|  0%| F|  |TAMS 0x0000000708700000, 0x0000000708700000| Untracked 
|  92|0x0000000708800000, 0x0000000708800000, 0x0000000708900000|  0%| F|  |TAMS 0x0000000708800000, 0x0000000708800000| Untracked 
|  93|0x0000000708900000, 0x0000000708900000, 0x0000000708a00000|  0%| F|  |TAMS 0x0000000708900000, 0x0000000708900000| Untracked 
|  94|0x0000000708a00000, 0x0000000708a00000, 0x0000000708b00000|  0%| F|  |TAMS 0x0000000708a00000, 0x0000000708a00000| Untracked 
|  95|0x0000000708b00000, 0x0000000708b00000, 0x0000000708c00000|  0%| F|  |TAMS 0x0000000708b00000, 0x0000000708b00000| Untracked 
|  96|0x0000000708c00000, 0x0000000708c00000, 0x0000000708d00000|  0%| F|  |TAMS 0x0000000708c00000, 0x0000000708c00000| Untracked 
|  97|0x0000000708d00000, 0x0000000708d00000, 0x0000000708e00000|  0%| F|  |TAMS 0x0000000708d00000, 0x0000000708d00000| Untracked 
|  98|0x0000000708e00000, 0x0000000708e00000, 0x0000000708f00000|  0%| F|  |TAMS 0x0000000708e00000, 0x0000000708e00000| Untracked 
|  99|0x0000000708f00000, 0x0000000708f00000, 0x0000000709000000|  0%| F|  |TAMS 0x0000000708f00000, 0x0000000708f00000| Untracked 
| 100|0x0000000709000000, 0x0000000709000000, 0x0000000709100000|  0%| F|  |TAMS 0x0000000709000000, 0x0000000709000000| Untracked 
| 101|0x0000000709100000, 0x0000000709100000, 0x0000000709200000|  0%| F|  |TAMS 0x0000000709100000, 0x0000000709100000| Untracked 
| 102|0x0000000709200000, 0x0000000709200000, 0x0000000709300000|  0%| F|  |TAMS 0x0000000709200000, 0x0000000709200000| Untracked 
| 103|0x0000000709300000, 0x0000000709300000, 0x0000000709400000|  0%| F|  |TAMS 0x0000000709300000, 0x0000000709300000| Untracked 
| 104|0x0000000709400000, 0x0000000709400000, 0x0000000709500000|  0%| F|  |TAMS 0x0000000709400000, 0x0000000709400000| Untracked 
| 105|0x0000000709500000, 0x0000000709500000, 0x0000000709600000|  0%| F|  |TAMS 0x0000000709500000, 0x0000000709500000| Untracked 
| 106|0x0000000709600000, 0x0000000709600000, 0x0000000709700000|  0%| F|  |TAMS 0x0000000709600000, 0x0000000709600000| Untracked 
| 107|0x0000000709700000, 0x0000000709700000, 0x0000000709800000|  0%| F|  |TAMS 0x0000000709700000, 0x0000000709700000| Untracked 
| 108|0x0000000709800000, 0x0000000709800000, 0x0000000709900000|  0%| F|  |TAMS 0x0000000709800000, 0x0000000709800000| Untracked 
| 109|0x0000000709900000, 0x0000000709900000, 0x0000000709a00000|  0%| F|  |TAMS 0x0000000709900000, 0x0000000709900000| Untracked 
| 110|0x0000000709a00000, 0x0000000709a00000, 0x0000000709b00000|  0%| F|  |TAMS 0x0000000709a00000, 0x0000000709a00000| Untracked 
| 111|0x0000000709b00000, 0x0000000709b00000, 0x0000000709c00000|  0%| F|  |TAMS 0x0000000709b00000, 0x0000000709b00000| Untracked 
| 112|0x0000000709c00000, 0x0000000709c00000, 0x0000000709d00000|  0%| F|  |TAMS 0x0000000709c00000, 0x0000000709c00000| Untracked 
| 113|0x0000000709d00000, 0x0000000709d00000, 0x0000000709e00000|  0%| F|  |TAMS 0x0000000709d00000, 0x0000000709d00000| Untracked 
| 114|0x0000000709e00000, 0x0000000709e00000, 0x0000000709f00000|  0%| F|  |TAMS 0x0000000709e00000, 0x0000000709e00000| Untracked 
| 115|0x0000000709f00000, 0x0000000709f00000, 0x000000070a000000|  0%| F|  |TAMS 0x0000000709f00000, 0x0000000709f00000| Untracked 
| 116|0x000000070a000000, 0x000000070a000000, 0x000000070a100000|  0%| F|  |TAMS 0x000000070a000000, 0x000000070a000000| Untracked 
| 117|0x000000070a100000, 0x000000070a100000, 0x000000070a200000|  0%| F|  |TAMS 0x000000070a100000, 0x000000070a100000| Untracked 
| 118|0x000000070a200000, 0x000000070a200000, 0x000000070a300000|  0%| F|  |TAMS 0x000000070a200000, 0x000000070a200000| Untracked 
| 119|0x000000070a300000, 0x000000070a300000, 0x000000070a400000|  0%| F|  |TAMS 0x000000070a300000, 0x000000070a300000| Untracked 
| 120|0x000000070a400000, 0x000000070a400000, 0x000000070a500000|  0%| F|  |TAMS 0x000000070a400000, 0x000000070a400000| Untracked 
| 121|0x000000070a500000, 0x000000070a500000, 0x000000070a600000|  0%| F|  |TAMS 0x000000070a500000, 0x000000070a500000| Untracked 
| 122|0x000000070a600000, 0x000000070a600000, 0x000000070a700000|  0%| F|  |TAMS 0x000000070a600000, 0x000000070a600000| Untracked 
| 123|0x000000070a700000, 0x000000070a700000, 0x000000070a800000|  0%| F|  |TAMS 0x000000070a700000, 0x000000070a700000| Untracked 
| 124|0x000000070a800000, 0x000000070a800000, 0x000000070a900000|  0%| F|  |TAMS 0x000000070a800000, 0x000000070a800000| Untracked 
| 125|0x000000070a900000, 0x000000070a900000, 0x000000070aa00000|  0%| F|  |TAMS 0x000000070a900000, 0x000000070a900000| Untracked 
| 126|0x000000070aa00000, 0x000000070aa00000, 0x000000070ab00000|  0%| F|  |TAMS 0x000000070aa00000, 0x000000070aa00000| Untracked 
| 127|0x000000070ab00000, 0x000000070ab00000, 0x000000070ac00000|  0%| F|  |TAMS 0x000000070ab00000, 0x000000070ab00000| Untracked 
| 128|0x000000070ac00000, 0x000000070ac00000, 0x000000070ad00000|  0%| F|  |TAMS 0x000000070ac00000, 0x000000070ac00000| Untracked 
| 129|0x000000070ad00000, 0x000000070ad00000, 0x000000070ae00000|  0%| F|  |TAMS 0x000000070ad00000, 0x000000070ad00000| Untracked 
| 130|0x000000070ae00000, 0x000000070ae00000, 0x000000070af00000|  0%| F|  |TAMS 0x000000070ae00000, 0x000000070ae00000| Untracked 
| 131|0x000000070af00000, 0x000000070af00000, 0x000000070b000000|  0%| F|  |TAMS 0x000000070af00000, 0x000000070af00000| Untracked 
| 132|0x000000070b000000, 0x000000070b000000, 0x000000070b100000|  0%| F|  |TAMS 0x000000070b000000, 0x000000070b000000| Untracked 
| 133|0x000000070b100000, 0x000000070b100000, 0x000000070b200000|  0%| F|  |TAMS 0x000000070b100000, 0x000000070b100000| Untracked 
| 134|0x000000070b200000, 0x000000070b200000, 0x000000070b300000|  0%| F|  |TAMS 0x000000070b200000, 0x000000070b200000| Untracked 
| 135|0x000000070b300000, 0x000000070b300000, 0x000000070b400000|  0%| F|  |TAMS 0x000000070b300000, 0x000000070b300000| Untracked 
| 136|0x000000070b400000, 0x000000070b400000, 0x000000070b500000|  0%| F|  |TAMS 0x000000070b400000, 0x000000070b400000| Untracked 
| 137|0x000000070b500000, 0x000000070b500000, 0x000000070b600000|  0%| F|  |TAMS 0x000000070b500000, 0x000000070b500000| Untracked 
| 138|0x000000070b600000, 0x000000070b600000, 0x000000070b700000|  0%| F|  |TAMS 0x000000070b600000, 0x000000070b600000| Untracked 
| 139|0x000000070b700000, 0x000000070b700000, 0x000000070b800000|  0%| F|  |TAMS 0x000000070b700000, 0x000000070b700000| Untracked 
| 140|0x000000070b800000, 0x000000070b800000, 0x000000070b900000|  0%| F|  |TAMS 0x000000070b800000, 0x000000070b800000| Untracked 
| 141|0x000000070b900000, 0x000000070b900000, 0x000000070ba00000|  0%| F|  |TAMS 0x000000070b900000, 0x000000070b900000| Untracked 
| 142|0x000000070ba00000, 0x000000070ba00000, 0x000000070bb00000|  0%| F|  |TAMS 0x000000070ba00000, 0x000000070ba00000| Untracked 
| 143|0x000000070bb00000, 0x000000070bb00000, 0x000000070bc00000|  0%| F|  |TAMS 0x000000070bb00000, 0x000000070bb00000| Untracked 
| 144|0x000000070bc00000, 0x000000070bc00000, 0x000000070bd00000|  0%| F|  |TAMS 0x000000070bc00000, 0x000000070bc00000| Untracked 
| 145|0x000000070bd00000, 0x000000070bd00000, 0x000000070be00000|  0%| F|  |TAMS 0x000000070bd00000, 0x000000070bd00000| Untracked 
| 146|0x000000070be00000, 0x000000070be00000, 0x000000070bf00000|  0%| F|  |TAMS 0x000000070be00000, 0x000000070be00000| Untracked 
| 147|0x000000070bf00000, 0x000000070bf00000, 0x000000070c000000|  0%| F|  |TAMS 0x000000070bf00000, 0x000000070bf00000| Untracked 
| 148|0x000000070c000000, 0x000000070c000000, 0x000000070c100000|  0%| F|  |TAMS 0x000000070c000000, 0x000000070c000000| Untracked 
| 149|0x000000070c100000, 0x000000070c100000, 0x000000070c200000|  0%| F|  |TAMS 0x000000070c100000, 0x000000070c100000| Untracked 
| 150|0x000000070c200000, 0x000000070c200000, 0x000000070c300000|  0%| F|  |TAMS 0x000000070c200000, 0x000000070c200000| Untracked 
| 151|0x000000070c300000, 0x000000070c300000, 0x000000070c400000|  0%| F|  |TAMS 0x000000070c300000, 0x000000070c300000| Untracked 
| 152|0x000000070c400000, 0x000000070c400000, 0x000000070c500000|  0%| F|  |TAMS 0x000000070c400000, 0x000000070c400000| Untracked 
| 153|0x000000070c500000, 0x000000070c500000, 0x000000070c600000|  0%| F|  |TAMS 0x000000070c500000, 0x000000070c500000| Untracked 
| 154|0x000000070c600000, 0x000000070c600000, 0x000000070c700000|  0%| F|  |TAMS 0x000000070c600000, 0x000000070c600000| Untracked 
| 155|0x000000070c700000, 0x000000070c700000, 0x000000070c800000|  0%| F|  |TAMS 0x000000070c700000, 0x000000070c700000| Untracked 
| 156|0x000000070c800000, 0x000000070c800000, 0x000000070c900000|  0%| F|  |TAMS 0x000000070c800000, 0x000000070c800000| Untracked 
| 157|0x000000070c900000, 0x000000070c900000, 0x000000070ca00000|  0%| F|  |TAMS 0x000000070c900000, 0x000000070c900000| Untracked 
| 158|0x000000070ca00000, 0x000000070ca00000, 0x000000070cb00000|  0%| F|  |TAMS 0x000000070ca00000, 0x000000070ca00000| Untracked 
| 159|0x000000070cb00000, 0x000000070cb00000, 0x000000070cc00000|  0%| F|  |TAMS 0x000000070cb00000, 0x000000070cb00000| Untracked 
| 160|0x000000070cc00000, 0x000000070cc00000, 0x000000070cd00000|  0%| F|  |TAMS 0x000000070cc00000, 0x000000070cc00000| Untracked 
| 161|0x000000070cd00000, 0x000000070cd00000, 0x000000070ce00000|  0%| F|  |TAMS 0x000000070cd00000, 0x000000070cd00000| Untracked 
| 162|0x000000070ce00000, 0x000000070ce00000, 0x000000070cf00000|  0%| F|  |TAMS 0x000000070ce00000, 0x000000070ce00000| Untracked 
| 163|0x000000070cf00000, 0x000000070cf00000, 0x000000070d000000|  0%| F|  |TAMS 0x000000070cf00000, 0x000000070cf00000| Untracked 
| 164|0x000000070d000000, 0x000000070d000000, 0x000000070d100000|  0%| F|  |TAMS 0x000000070d000000, 0x000000070d000000| Untracked 
| 165|0x000000070d100000, 0x000000070d100000, 0x000000070d200000|  0%| F|  |TAMS 0x000000070d100000, 0x000000070d100000| Untracked 
| 166|0x000000070d200000, 0x000000070d200000, 0x000000070d300000|  0%| F|  |TAMS 0x000000070d200000, 0x000000070d200000| Untracked 
| 167|0x000000070d300000, 0x000000070d300000, 0x000000070d400000|  0%| F|  |TAMS 0x000000070d300000, 0x000000070d300000| Untracked 
| 168|0x000000070d400000, 0x000000070d400000, 0x000000070d500000|  0%| F|  |TAMS 0x000000070d400000, 0x000000070d400000| Untracked 
| 169|0x000000070d500000, 0x000000070d500000, 0x000000070d600000|  0%| F|  |TAMS 0x000000070d500000, 0x000000070d500000| Untracked 
| 170|0x000000070d600000, 0x000000070d600000, 0x000000070d700000|  0%| F|  |TAMS 0x000000070d600000, 0x000000070d600000| Untracked 
| 171|0x000000070d700000, 0x000000070d700000, 0x000000070d800000|  0%| F|  |TAMS 0x000000070d700000, 0x000000070d700000| Untracked 
| 172|0x000000070d800000, 0x000000070d800000, 0x000000070d900000|  0%| F|  |TAMS 0x000000070d800000, 0x000000070d800000| Untracked 
| 173|0x000000070d900000, 0x000000070d900000, 0x000000070da00000|  0%| F|  |TAMS 0x000000070d900000, 0x000000070d900000| Untracked 
| 174|0x000000070da00000, 0x000000070da00000, 0x000000070db00000|  0%| F|  |TAMS 0x000000070da00000, 0x000000070da00000| Untracked 
| 175|0x000000070db00000, 0x000000070db00000, 0x000000070dc00000|  0%| F|  |TAMS 0x000000070db00000, 0x000000070db00000| Untracked 
| 176|0x000000070dc00000, 0x000000070dc00000, 0x000000070dd00000|  0%| F|  |TAMS 0x000000070dc00000, 0x000000070dc00000| Untracked 
| 177|0x000000070dd00000, 0x000000070dd00000, 0x000000070de00000|  0%| F|  |TAMS 0x000000070dd00000, 0x000000070dd00000| Untracked 
| 178|0x000000070de00000, 0x000000070de00000, 0x000000070df00000|  0%| F|  |TAMS 0x000000070de00000, 0x000000070de00000| Untracked 
| 179|0x000000070df00000, 0x000000070df00000, 0x000000070e000000|  0%| F|  |TAMS 0x000000070df00000, 0x000000070df00000| Untracked 
| 180|0x000000070e000000, 0x000000070e000000, 0x000000070e100000|  0%| F|  |TAMS 0x000000070e000000, 0x000000070e000000| Untracked 
| 181|0x000000070e100000, 0x000000070e100000, 0x000000070e200000|  0%| F|  |TAMS 0x000000070e100000, 0x000000070e100000| Untracked 
| 182|0x000000070e200000, 0x000000070e200000, 0x000000070e300000|  0%| F|  |TAMS 0x000000070e200000, 0x000000070e200000| Untracked 
| 183|0x000000070e300000, 0x000000070e300000, 0x000000070e400000|  0%| F|  |TAMS 0x000000070e300000, 0x000000070e300000| Untracked 
| 184|0x000000070e400000, 0x000000070e400000, 0x000000070e500000|  0%| F|  |TAMS 0x000000070e400000, 0x000000070e400000| Untracked 
| 185|0x000000070e500000, 0x000000070e500000, 0x000000070e600000|  0%| F|  |TAMS 0x000000070e500000, 0x000000070e500000| Untracked 
| 186|0x000000070e600000, 0x000000070e600000, 0x000000070e700000|  0%| F|  |TAMS 0x000000070e600000, 0x000000070e600000| Untracked 
| 187|0x000000070e700000, 0x000000070e700000, 0x000000070e800000|  0%| F|  |TAMS 0x000000070e700000, 0x000000070e700000| Untracked 
| 188|0x000000070e800000, 0x000000070e800000, 0x000000070e900000|  0%| F|  |TAMS 0x000000070e800000, 0x000000070e800000| Untracked 
| 189|0x000000070e900000, 0x000000070e900000, 0x000000070ea00000|  0%| F|  |TAMS 0x000000070e900000, 0x000000070e900000| Untracked 
| 190|0x000000070ea00000, 0x000000070ea00000, 0x000000070eb00000|  0%| F|  |TAMS 0x000000070ea00000, 0x000000070ea00000| Untracked 
| 191|0x000000070eb00000, 0x000000070eb00000, 0x000000070ec00000|  0%| F|  |TAMS 0x000000070eb00000, 0x000000070eb00000| Untracked 
| 192|0x000000070ec00000, 0x000000070ec00000, 0x000000070ed00000|  0%| F|  |TAMS 0x000000070ec00000, 0x000000070ec00000| Untracked 
| 193|0x000000070ed00000, 0x000000070ed00000, 0x000000070ee00000|  0%| F|  |TAMS 0x000000070ed00000, 0x000000070ed00000| Untracked 
| 194|0x000000070ee00000, 0x000000070ee00000, 0x000000070ef00000|  0%| F|  |TAMS 0x000000070ee00000, 0x000000070ee00000| Untracked 
| 195|0x000000070ef00000, 0x000000070ef00000, 0x000000070f000000|  0%| F|  |TAMS 0x000000070ef00000, 0x000000070ef00000| Untracked 
| 196|0x000000070f000000, 0x000000070f000000, 0x000000070f100000|  0%| F|  |TAMS 0x000000070f000000, 0x000000070f000000| Untracked 
| 197|0x000000070f100000, 0x000000070f100000, 0x000000070f200000|  0%| F|  |TAMS 0x000000070f100000, 0x000000070f100000| Untracked 
| 198|0x000000070f200000, 0x000000070f200000, 0x000000070f300000|  0%| F|  |TAMS 0x000000070f200000, 0x000000070f200000| Untracked 
| 199|0x000000070f300000, 0x000000070f300000, 0x000000070f400000|  0%| F|  |TAMS 0x000000070f300000, 0x000000070f300000| Untracked 
| 200|0x000000070f400000, 0x000000070f400000, 0x000000070f500000|  0%| F|  |TAMS 0x000000070f400000, 0x000000070f400000| Untracked 
| 201|0x000000070f500000, 0x000000070f500000, 0x000000070f600000|  0%| F|  |TAMS 0x000000070f500000, 0x000000070f500000| Untracked 
| 202|0x000000070f600000, 0x000000070f600000, 0x000000070f700000|  0%| F|  |TAMS 0x000000070f600000, 0x000000070f600000| Untracked 
| 203|0x000000070f700000, 0x000000070f700000, 0x000000070f800000|  0%| F|  |TAMS 0x000000070f700000, 0x000000070f700000| Untracked 
| 204|0x000000070f800000, 0x000000070f800000, 0x000000070f900000|  0%| F|  |TAMS 0x000000070f800000, 0x000000070f800000| Untracked 
| 205|0x000000070f900000, 0x000000070f900000, 0x000000070fa00000|  0%| F|  |TAMS 0x000000070f900000, 0x000000070f900000| Untracked 
| 206|0x000000070fa00000, 0x000000070fa00000, 0x000000070fb00000|  0%| F|  |TAMS 0x000000070fa00000, 0x000000070fa00000| Untracked 
| 207|0x000000070fb00000, 0x000000070fb00000, 0x000000070fc00000|  0%| F|  |TAMS 0x000000070fb00000, 0x000000070fb00000| Untracked 
| 208|0x000000070fc00000, 0x000000070fc00000, 0x000000070fd00000|  0%| F|  |TAMS 0x000000070fc00000, 0x000000070fc00000| Untracked 
| 209|0x000000070fd00000, 0x000000070fd00000, 0x000000070fe00000|  0%| F|  |TAMS 0x000000070fd00000, 0x000000070fd00000| Untracked 
| 210|0x000000070fe00000, 0x000000070fe00000, 0x000000070ff00000|  0%| F|  |TAMS 0x000000070fe00000, 0x000000070fe00000| Untracked 
| 211|0x000000070ff00000, 0x000000070ff00000, 0x0000000710000000|  0%| F|  |TAMS 0x000000070ff00000, 0x000000070ff00000| Untracked 
| 212|0x0000000710000000, 0x0000000710000000, 0x0000000710100000|  0%| F|  |TAMS 0x0000000710000000, 0x0000000710000000| Untracked 
| 213|0x0000000710100000, 0x0000000710100000, 0x0000000710200000|  0%| F|  |TAMS 0x0000000710100000, 0x0000000710100000| Untracked 
| 214|0x0000000710200000, 0x0000000710200000, 0x0000000710300000|  0%| F|  |TAMS 0x0000000710200000, 0x0000000710200000| Untracked 
| 215|0x0000000710300000, 0x0000000710300000, 0x0000000710400000|  0%| F|  |TAMS 0x0000000710300000, 0x0000000710300000| Untracked 
| 216|0x0000000710400000, 0x0000000710400000, 0x0000000710500000|  0%| F|  |TAMS 0x0000000710400000, 0x0000000710400000| Untracked 
| 217|0x0000000710500000, 0x0000000710500000, 0x0000000710600000|  0%| F|  |TAMS 0x0000000710500000, 0x0000000710500000| Untracked 
| 218|0x0000000710600000, 0x0000000710600000, 0x0000000710700000|  0%| F|  |TAMS 0x0000000710600000, 0x0000000710600000| Untracked 
| 219|0x0000000710700000, 0x0000000710780800, 0x0000000710800000| 50%| E|  |TAMS 0x0000000710700000, 0x0000000710700000| Complete 
| 220|0x0000000710800000, 0x0000000710900000, 0x0000000710900000|100%| E|CS|TAMS 0x0000000710800000, 0x0000000710800000| Complete 
| 221|0x0000000710900000, 0x0000000710a00000, 0x0000000710a00000|100%| E|CS|TAMS 0x0000000710900000, 0x0000000710900000| Complete 
| 222|0x0000000710a00000, 0x0000000710b00000, 0x0000000710b00000|100%| E|CS|TAMS 0x0000000710a00000, 0x0000000710a00000| Complete 
| 223|0x0000000710b00000, 0x0000000710c00000, 0x0000000710c00000|100%| E|CS|TAMS 0x0000000710b00000, 0x0000000710b00000| Complete 
| 224|0x0000000710c00000, 0x0000000710d00000, 0x0000000710d00000|100%| E|CS|TAMS 0x0000000710c00000, 0x0000000710c00000| Complete 
| 225|0x0000000710d00000, 0x0000000710e00000, 0x0000000710e00000|100%| E|CS|TAMS 0x0000000710d00000, 0x0000000710d00000| Complete 
| 226|0x0000000710e00000, 0x0000000710f00000, 0x0000000710f00000|100%| E|CS|TAMS 0x0000000710e00000, 0x0000000710e00000| Complete 
| 227|0x0000000710f00000, 0x0000000711000000, 0x0000000711000000|100%| E|CS|TAMS 0x0000000710f00000, 0x0000000710f00000| Complete 
| 228|0x0000000711000000, 0x0000000711100000, 0x0000000711100000|100%| E|CS|TAMS 0x0000000711000000, 0x0000000711000000| Complete 
| 229|0x0000000711100000, 0x0000000711200000, 0x0000000711200000|100%| E|CS|TAMS 0x0000000711100000, 0x0000000711100000| Complete 
| 230|0x0000000711200000, 0x0000000711300000, 0x0000000711300000|100%| E|CS|TAMS 0x0000000711200000, 0x0000000711200000| Complete 
| 231|0x0000000711300000, 0x0000000711400000, 0x0000000711400000|100%| E|CS|TAMS 0x0000000711300000, 0x0000000711300000| Complete 
| 232|0x0000000711400000, 0x0000000711500000, 0x0000000711500000|100%| E|CS|TAMS 0x0000000711400000, 0x0000000711400000| Complete 
| 233|0x0000000711500000, 0x0000000711600000, 0x0000000711600000|100%| E|CS|TAMS 0x0000000711500000, 0x0000000711500000| Complete 
| 234|0x0000000711600000, 0x0000000711700000, 0x0000000711700000|100%| E|CS|TAMS 0x0000000711600000, 0x0000000711600000| Complete 
| 235|0x0000000711700000, 0x0000000711800000, 0x0000000711800000|100%| E|CS|TAMS 0x0000000711700000, 0x0000000711700000| Complete 
| 236|0x0000000711800000, 0x0000000711900000, 0x0000000711900000|100%| E|CS|TAMS 0x0000000711800000, 0x0000000711800000| Complete 
| 237|0x0000000711900000, 0x0000000711a00000, 0x0000000711a00000|100%| E|CS|TAMS 0x0000000711900000, 0x0000000711900000| Complete 
| 238|0x0000000711a00000, 0x0000000711b00000, 0x0000000711b00000|100%| E|CS|TAMS 0x0000000711a00000, 0x0000000711a00000| Complete 
| 239|0x0000000711b00000, 0x0000000711c00000, 0x0000000711c00000|100%| E|CS|TAMS 0x0000000711b00000, 0x0000000711b00000| Complete 
| 240|0x0000000711c00000, 0x0000000711d00000, 0x0000000711d00000|100%| E|CS|TAMS 0x0000000711c00000, 0x0000000711c00000| Complete 
| 241|0x0000000711d00000, 0x0000000711e00000, 0x0000000711e00000|100%| E|CS|TAMS 0x0000000711d00000, 0x0000000711d00000| Complete 
| 242|0x0000000711e00000, 0x0000000711f00000, 0x0000000711f00000|100%| E|CS|TAMS 0x0000000711e00000, 0x0000000711e00000| Complete 
| 243|0x0000000711f00000, 0x0000000711f582a0, 0x0000000712000000| 34%| S|CS|TAMS 0x0000000711f00000, 0x0000000711f00000| Complete 
| 244|0x0000000712000000, 0x0000000712100000, 0x0000000712100000|100%| S|CS|TAMS 0x0000000712000000, 0x0000000712000000| Complete 
| 245|0x0000000712100000, 0x0000000712200000, 0x0000000712200000|100%| E|CS|TAMS 0x0000000712100000, 0x0000000712100000| Complete 
| 246|0x0000000712200000, 0x0000000712300000, 0x0000000712300000|100%| E|CS|TAMS 0x0000000712200000, 0x0000000712200000| Complete 
| 247|0x0000000712300000, 0x0000000712400000, 0x0000000712400000|100%| E|CS|TAMS 0x0000000712300000, 0x0000000712300000| Complete 
| 248|0x0000000712400000, 0x0000000712500000, 0x0000000712500000|100%| E|CS|TAMS 0x0000000712400000, 0x0000000712400000| Complete 
| 249|0x0000000712500000, 0x0000000712600000, 0x0000000712600000|100%| E|CS|TAMS 0x0000000712500000, 0x0000000712500000| Complete 
| 250|0x0000000712600000, 0x0000000712700000, 0x0000000712700000|100%| E|CS|TAMS 0x0000000712600000, 0x0000000712600000| Complete 
| 251|0x0000000712700000, 0x0000000712800000, 0x0000000712800000|100%| E|CS|TAMS 0x0000000712700000, 0x0000000712700000| Complete 
| 252|0x0000000712800000, 0x0000000712900000, 0x0000000712900000|100%| E|CS|TAMS 0x0000000712800000, 0x0000000712800000| Complete 
| 253|0x0000000712900000, 0x0000000712a00000, 0x0000000712a00000|100%| E|CS|TAMS 0x0000000712900000, 0x0000000712900000| Complete 

Card table byte_map: [0x000001587f570000,0x000001587fd60000] _byte_map_base: 0x000001587bd5a000

Marking Bits (Prev, Next): (CMBitMap*) 0x0000015867561b90, (CMBitMap*) 0x0000015867561b58
 Prev Bits: [0x0000015804740000, 0x0000015808690000)
 Next Bits: [0x00000158007f0000, 0x0000015804740000)

Polling page: 0x00000158654f0000

Metaspace:

Usage:
  Non-class:     26.01 MB capacity,    25.67 MB ( 99%) used,   285.71 KB (  1%) free+waste,    68.00 KB ( <1%) overhead. 
      Class:      3.24 MB capacity,     2.99 MB ( 92%) used,   226.46 KB (  7%) free+waste,    31.88 KB ( <1%) overhead. 
       Both:     29.26 MB capacity,    28.66 MB ( 98%) used,   512.17 KB (  2%) free+waste,    99.88 KB ( <1%) overhead. 

Virtual space:
  Non-class space:       28.00 MB reserved,      26.17 MB ( 93%) committed 
      Class space:        1.00 GB reserved,       3.25 MB ( <1%) committed 
             Both:        1.03 GB reserved,      29.42 MB (  3%) committed 

Chunk freelists:
   Non-Class:  4.13 KB
       Class:  896 bytes
        Both:  5.00 KB

CodeHeap 'non-profiled nmethods': size=120000Kb used=1730Kb max_used=1730Kb free=118269Kb
 bounds [0x0000015877300000, 0x0000015877570000, 0x000001587e830000]
CodeHeap 'profiled nmethods': size=120000Kb used=7256Kb max_used=7256Kb free=112743Kb
 bounds [0x000001586fdd0000, 0x00000158704f0000, 0x0000015877300000]
CodeHeap 'non-nmethods': size=5760Kb used=1322Kb max_used=1399Kb free=4437Kb
 bounds [0x000001586f830000, 0x000001586faa0000, 0x000001586fdd0000]
 total_blobs=4899 nmethods=3316 adapters=644
 compilation: enabled
              stopped_count=0, restarted_count=0
 full_count=0

Compilation events (10 events):
Event: 14.084 Thread 0x000001580bb0f000 nmethod 3312 0x00000158774af910 code [0x00000158774afaa0, 0x00000158774afb38]
Event: 14.169 Thread 0x000001580bb0f000 3313       4       sun.java2d.SunGraphics2D::transformShape (36 bytes)
Event: 14.170 Thread 0x000001580bb0f000 nmethod 3313 0x00000158774afc10 code [0x00000158774afdc0, 0x00000158774afff8]
Event: 14.258 Thread 0x000001580bb0f000 3314       4       sun.java2d.SunGraphics2D::getClipBounds (21 bytes)
Event: 14.260 Thread 0x000001580bb0f000 nmethod 3314 0x00000158774b0210 code [0x00000158774b03c0, 0x00000158774b0618]
Event: 14.260 Thread 0x000001580bb1b000 3315       3       java.awt.geom.Rectangle2D$Float::getWidth (6 bytes)
Event: 14.260 Thread 0x000001580bb1b000 nmethod 3315 0x00000158704e5e90 code [0x00000158704e6040, 0x00000158704e6198]
Event: 14.351 Thread 0x000001580bb1b000 3316       1       sun.awt.windows.WObjectPeer::isDisposed (5 bytes)
Event: 14.351 Thread 0x000001580bb1b000 nmethod 3316 0x00000158774b0810 code [0x00000158774b09c0, 0x00000158774b0ad8]
Event: 14.352 Thread 0x000001580bb0f000 3317   !   4       javax.swing.JComponent::paintChildren (691 bytes)

GC Heap History (4 events):
Event: 6.078 GC heap before
{Heap before GC invocations=0 (full 0):
 garbage-first heap   total 260096K, used 23552K [0x0000000702c00000, 0x0000000800000000)
  region size 1024K, 23 young (23552K), 0 survivors (0K)
 Metaspace       used 20720K, capacity 21231K, committed 21296K, reserved 1069056K
  class space    used 2184K, capacity 2415K, committed 2432K, reserved 1048576K
}
Event: 6.084 GC heap after
{Heap after GC invocations=1 (full 0):
 garbage-first heap   total 260096K, used 6700K [0x0000000702c00000, 0x0000000800000000)
  region size 1024K, 3 young (3072K), 3 survivors (3072K)
 Metaspace       used 20720K, capacity 21231K, committed 21296K, reserved 1069056K
  class space    used 2184K, capacity 2415K, committed 2432K, reserved 1048576K
}
Event: 6.443 GC heap before
{Heap before GC invocations=2 (full 0):
 garbage-first heap   total 260096K, used 15916K [0x0000000702c00000, 0x0000000800000000)
  region size 1024K, 12 young (12288K), 3 survivors (3072K)
 Metaspace       used 26098K, capacity 26653K, committed 26800K, reserved 1073152K
  class space    used 2774K, capacity 2989K, committed 3072K, reserved 1048576K
}
Event: 6.446 GC heap after
{Heap after GC invocations=3 (full 0):
 garbage-first heap   total 260096K, used 8140K [0x0000000702c00000, 0x0000000800000000)
  region size 1024K, 2 young (2048K), 2 survivors (2048K)
 Metaspace       used 26098K, capacity 26653K, committed 26800K, reserved 1073152K
  class space    used 2774K, capacity 2989K, committed 3072K, reserved 1048576K
}

Deoptimization events (10 events):
Event: 6.468 Thread 0x000001580bcc0800 Uncommon trap: reason=unstable_if action=reinterpret pc=0x0000015877398a60 method=java.lang.ref.SoftReference.get()Ljava/lang/Object; @ 17 c2
Event: 6.469 Thread 0x000001580bcc0800 Uncommon trap: reason=unstable_if action=reinterpret pc=0x0000015877339518 method=java.lang.StringLatin1.canEncode(I)Z @ 4 c2
Event: 6.469 Thread 0x000001580bcc0800 Uncommon trap: reason=unstable_if action=reinterpret pc=0x0000015877347578 method=java.lang.AbstractStringBuilder.isLatin1()Z @ 10 c2
Event: 6.570 Thread 0x000001580ea0e800 Uncommon trap: reason=unstable_if action=reinterpret pc=0x0000015877341c18 method=java.lang.AbstractStringBuilder.append(Ljava/lang/String;)Ljava/lang/AbstractStringBuilder; @ 1 c2
Event: 6.570 Thread 0x000001580ea0e800 Uncommon trap: reason=unstable_if action=reinterpret pc=0x0000015877343204 method=java.lang.AbstractStringBuilder.append(Ljava/lang/String;)Ljava/lang/AbstractStringBuilder; @ 1 c2
Event: 6.591 Thread 0x000001580ea0e800 Uncommon trap: reason=unstable_if action=reinterpret pc=0x000001587734f9bc method=java.lang.StringLatin1.canEncode(I)Z @ 4 c2
Event: 6.633 Thread 0x000001580bcc0800 Uncommon trap: reason=unstable_if action=reinterpret pc=0x000001587735ebf8 method=java.lang.StringCoding.hasNegatives([BII)Z @ 12 c2
Event: 6.950 Thread 0x000001580bcc0800 Uncommon trap: reason=unstable_if action=reinterpret pc=0x00000158774270b4 method=java.lang.Character.isSurrogate(C)Z @ 3 c2
Event: 6.950 Thread 0x000001580bcc0800 Uncommon trap: reason=unstable_if action=reinterpret pc=0x000001587734793c method=java.lang.String.equals(Ljava/lang/Object;)Z @ 34 c2
Event: 7.716 Thread 0x000001580bcc0800 Uncommon trap: reason=unstable_if action=reinterpret pc=0x000001587746e988 method=sun.font.CMap$CMapFormat4.getGlyph(I)C @ 181 c2

Classes redefined (0 events):
No events

Internal exceptions (10 events):
Event: 6.297 Thread 0x000001580bcc0800 Exception <a 'java/lang/IncompatibleClassChangeError'{0x0000000712677350}: Found class java.lang.Object, but interface was expected> (0x0000000712677350) thrown at [t:/workspace/open/src/hotspot/share/interpreter/linkResolver.cpp, line 856]
Event: 6.297 Thread 0x000001580bcc0800 Exception <a 'java/lang/NoSuchMethodError'{0x000000071267a6d0}: java.lang.invoke.DirectMethodHandle$Holder.invokeStaticInit(Ljava/lang/Object;Ljava/lang/Object;)V> (0x000000071267a6d0) thrown at [t:/workspace/open/src/hotspot/share/interpreter/linkResolve
Event: 6.298 Thread 0x000001580bcc0800 Exception <a 'java/lang/NoSuchMethodError'{0x0000000712680328}: java.lang.invoke.DirectMethodHandle$Holder.invokeStaticInit(Ljava/lang/Object;Ljava/lang/Object;)I> (0x0000000712680328) thrown at [t:/workspace/open/src/hotspot/share/interpreter/linkResolve
Event: 6.301 Thread 0x000001580bcc0800 Exception <a 'sun/nio/fs/WindowsException'{0x00000007126accb0}> (0x00000007126accb0) thrown at [t:/workspace/open/src/hotspot/share/prims/jni.cpp, line 615]
Event: 6.302 Thread 0x000001580bcc0800 Exception <a 'java/lang/NoSuchMethodError'{0x00000007126ae558}: java.lang.invoke.DirectMethodHandle$Holder.invokeSpecialIFC(Ljava/lang/Object;Ljava/lang/Object;I)I> (0x00000007126ae558) thrown at [t:/workspace/open/src/hotspot/share/interpreter/linkResolv
Event: 6.570 Thread 0x000001580ea0e800 Implicit null exception at 0x00000158773416f4 to 0x0000015877341bfe
Event: 6.570 Thread 0x000001580ea0e800 Implicit null exception at 0x0000015877342cf4 to 0x00000158773431ea
Event: 6.617 Thread 0x000001580bcc0800 Exception <a 'java/lang/NoSuchMethodError'{0x000000071254df78}: java.lang.invoke.DirectMethodHandle$Holder.invokeVirtual(Ljava/lang/Object;Ljava/lang/Object;)I> (0x000000071254df78) thrown at [t:/workspace/open/src/hotspot/share/interpreter/linkResolver.c
Event: 6.739 Thread 0x000001580bcc0800 Exception <a 'java/lang/NoSuchMethodError'{0x0000000712440300}: java.lang.invoke.DirectMethodHandle$Holder.invokeVirtual(Ljava/lang/Object;Ljava/lang/Object;)V> (0x0000000712440300) thrown at [t:/workspace/open/src/hotspot/share/interpreter/linkResolver.c
Event: 6.750 Thread 0x000001580bcc0800 Exception <a 'java/lang/NoSuchMethodError'{0x0000000711e4e740}: java.lang.invoke.DirectMethodHandle$Holder.invokeStatic(Ljava/lang/Object;Ljava/lang/Object;Ljava/lang/Object;Ljava/lang/Object;)V> (0x0000000711e4e740) thrown at [t:/workspace/open/src/hotsp

Events (10 events):
Event: 9.929 Thread 0x000001580bcc0800 DEOPT PACKING pc=0x000001587047effa sp=0x0000004364cf94b0
Event: 9.930 Thread 0x000001580bcc0800 DEOPT UNPACKING pc=0x000001586f858fce sp=0x0000004364cf88f0 mode 0
Event: 11.726 Executing VM operation: RevokeBias
Event: 11.726 Executing VM operation: RevokeBias done
Event: 11.726 Thread 0x000001580ea0e800 Thread exited: 0x000001580ea0e800
Event: 11.741 Executing VM operation: RevokeBias
Event: 11.741 Executing VM operation: RevokeBias done
Event: 11.741 Thread 0x000001580ed10800 Thread exited: 0x000001580ed10800
Event: 11.830 Thread 0x000001580bcc0800 DEOPT PACKING pc=0x00000158701c375b sp=0x0000004364cfbae0
Event: 11.830 Thread 0x000001580bcc0800 DEOPT UNPACKING pc=0x000001586f858fce sp=0x0000004364cfaf10 mode 0


Dynamic libraries:
0x00007ff7cf9d0000 - 0x00007ff7cfa17000 	C:\Program Files\Java\jdk-11.0.1\bin\java.exe
0x00007fff80b70000 - 0x00007fff80d68000 	C:\Windows\SYSTEM32\ntdll.dll
0x00007fff7f220000 - 0x00007fff7f2e2000 	C:\Windows\System32\KERNEL32.DLL
0x00007fff7e3d0000 - 0x00007fff7e6c6000 	C:\Windows\System32\KERNELBASE.dll
0x00007fff80750000 - 0x00007fff807ff000 	C:\Windows\System32\ADVAPI32.dll
0x00007fff80800000 - 0x00007fff8089e000 	C:\Windows\System32\msvcrt.dll
0x00007fff80190000 - 0x00007fff8022f000 	C:\Windows\System32\sechost.dll
0x00007fff7f2f0000 - 0x00007fff7f413000 	C:\Windows\System32\RPCRT4.dll
0x00007fff7eb70000 - 0x00007fff7eb97000 	C:\Windows\System32\bcrypt.dll
0x00007fff7ef50000 - 0x00007fff7f0ed000 	C:\Windows\System32\USER32.dll
0x00007fff7e210000 - 0x00007fff7e232000 	C:\Windows\System32\win32u.dll
0x00007fff7ef00000 - 0x00007fff7ef2b000 	C:\Windows\System32\GDI32.dll
0x00007fff7e8d0000 - 0x00007fff7e9ea000 	C:\Windows\System32\gdi32full.dll
0x00007fff7e830000 - 0x00007fff7e8cd000 	C:\Windows\System32\msvcp_win.dll
0x00007fff7e2d0000 - 0x00007fff7e3d0000 	C:\Windows\System32\ucrtbase.dll
0x00007fff6b770000 - 0x00007fff6ba0a000 	C:\Windows\WinSxS\amd64_microsoft.windows.common-controls_6595b64144ccf1df_6.0.19041.5794_none_60bcd33171f2783c\COMCTL32.dll
0x00007fff7aea0000 - 0x00007fff7aeaa000 	C:\Windows\SYSTEM32\VERSION.dll
0x00007fff80aa0000 - 0x00007fff80acf000 	C:\Windows\System32\IMM32.DLL
0x00007fff6eb90000 - 0x00007fff6eba6000 	C:\Program Files\Java\jdk-11.0.1\bin\vcruntime140.dll
0x00007fff4a630000 - 0x00007fff4a6da000 	C:\Program Files\Java\jdk-11.0.1\bin\msvcp140.dll
0x00007fff04860000 - 0x00007fff053a2000 	C:\Program Files\Java\jdk-11.0.1\bin\server\jvm.dll
0x00007fff7f580000 - 0x00007fff7f588000 	C:\Windows\System32\PSAPI.DLL
0x00007fff6d3b0000 - 0x00007fff6d3d7000 	C:\Windows\SYSTEM32\WINMM.dll
0x00007fff6d7f0000 - 0x00007fff6d7f9000 	C:\Windows\SYSTEM32\WSOCK32.dll
0x00007fff7ff70000 - 0x00007fff7ffdb000 	C:\Windows\System32\WS2_32.dll
0x00007fff7c090000 - 0x00007fff7c0a2000 	C:\Windows\SYSTEM32\kernel.appcore.dll
0x00007fff6ddc0000 - 0x00007fff6ddd1000 	C:\Program Files\Java\jdk-11.0.1\bin\verify.dll
0x00007fff6ca50000 - 0x00007fff6cc51000 	C:\Windows\SYSTEM32\DBGHELP.DLL
0x00007fff67060000 - 0x00007fff67094000 	C:\Windows\SYSTEM32\dbgcore.DLL
0x00007fff7e240000 - 0x00007fff7e2c2000 	C:\Windows\System32\bcryptPrimitives.dll
0x00007fff6de30000 - 0x00007fff6de59000 	C:\Program Files\Java\jdk-11.0.1\bin\java.dll
0x00007fff6d950000 - 0x00007fff6d966000 	C:\Program Files\Java\jdk-11.0.1\bin\zip.dll
0x00007fff73c60000 - 0x00007fff73c6a000 	C:\Program Files\Java\jdk-11.0.1\bin\jimage.dll
0x00007fff7f650000 - 0x00007fff7fdbe000 	C:\Windows\System32\SHELL32.dll
0x00007fff7c290000 - 0x00007fff7ca33000 	C:\Windows\SYSTEM32\windows.storage.dll
0x00007fff7eba0000 - 0x00007fff7eef3000 	C:\Windows\System32\combase.dll
0x00007fff7dc40000 - 0x00007fff7dc6b000 	C:\Windows\SYSTEM32\Wldp.dll
0x00007fff7f4b0000 - 0x00007fff7f57d000 	C:\Windows\System32\OLEAUT32.dll
0x00007fff806a0000 - 0x00007fff8074d000 	C:\Windows\System32\SHCORE.dll
0x00007fff80050000 - 0x00007fff800a5000 	C:\Windows\System32\shlwapi.dll
0x00007fff7e140000 - 0x00007fff7e165000 	C:\Windows\SYSTEM32\profapi.dll
0x00007fff6d880000 - 0x00007fff6d899000 	C:\Program Files\Java\jdk-11.0.1\bin\net.dll
0x00007fff78690000 - 0x00007fff7879a000 	C:\Windows\SYSTEM32\WINHTTP.dll
0x00007fff7d9a0000 - 0x00007fff7da0c000 	C:\Windows\system32\mswsock.dll
0x00007fff6d770000 - 0x00007fff6d783000 	C:\Program Files\Java\jdk-11.0.1\bin\nio.dll
0x00007fff16e40000 - 0x00007fff16fdf000 	C:\Program Files\Java\jdk-11.0.1\bin\awt.dll
0x00007fff79080000 - 0x00007fff79640000 	C:\Windows\SYSTEM32\d2d1.dll
0x00007fff7ae00000 - 0x00007fff7ae94000 	C:\Windows\SYSTEM32\apphelp.dll
0x00007fff7bb00000 - 0x00007fff7bb9e000 	C:\Windows\system32\uxtheme.dll
0x00007fff45540000 - 0x00007fff45673000 	C:\ProgramData\A-Volute\A-Volute.Nahimic\Modules\Scheduled\x64\AudioDevProps2.dll
0x00007fff7f0f0000 - 0x00007fff7f21b000 	C:\Windows\System32\ole32.dll
0x00007fff80980000 - 0x00007fff80a95000 	C:\Windows\System32\MSCTF.dll
0x00007fff68620000 - 0x00007fff68647000 	C:\Program Files\Java\jdk-11.0.1\bin\javaaccessbridge.dll
0x00007fff6f520000 - 0x00007fff6f527000 	C:\Program Files\Java\jdk-11.0.1\bin\jawt.dll
0x00007fff7beb0000 - 0x00007fff7bedf000 	C:\Windows\system32\DWMAPI.DLL
0x00007fff48160000 - 0x00007fff481e0000 	C:\Program Files\Java\jdk-11.0.1\bin\freetype.dll
0x00007fff480f0000 - 0x00007fff4815f000 	C:\Program Files\Java\jdk-11.0.1\bin\fontmanager.dll
0x00007fff48ef0000 - 0x00007fff49018000 	C:\Windows\system32\opengl32.dll
0x00007fff6bf00000 - 0x00007fff6bf2c000 	C:\Windows\SYSTEM32\GLU32.dll
0x00007fff6ec40000 - 0x00007fff6ec46000 	C:\Users\AD\AppData\Local\Temp\flatlaf.temp\flatlaf-windows-x86_64-1561619060133000.dll
0x00007fff7f5a0000 - 0x00007fff7f649000 	C:\Windows\System32\clbcatq.dll
0x00007fff7b8b0000 - 0x00007fff7ba64000 	C:\Windows\SYSTEM32\WindowsCodecs.dll
0x00007fff48a90000 - 0x00007fff48ace000 	C:\Windows\system32\dataexchange.dll
0x00007fff79640000 - 0x00007fff798a4000 	C:\Windows\system32\d3d11.dll
0x00007fff79ee0000 - 0x00007fff7a0c4000 	C:\Windows\system32\dcomp.dll
0x00007fff7cbc0000 - 0x00007fff7ccb6000 	C:\Windows\system32\dxgi.dll
0x00007fff778f0000 - 0x00007fff77af3000 	C:\Windows\system32\twinapi.appcore.dll
0x00007fff41660000 - 0x00007fff41759000 	C:\Windows\SYSTEM32\textinputframework.dll
0x00007fff7a5a0000 - 0x00007fff7a8fb000 	C:\Windows\System32\CoreUIComponents.dll
0x00007fff7a930000 - 0x00007fff7aa22000 	C:\Windows\System32\CoreMessaging.dll
0x00007fff7d4a0000 - 0x00007fff7d4d3000 	C:\Windows\SYSTEM32\ntmarta.dll
0x00007fff79d50000 - 0x00007fff79ea7000 	C:\Windows\SYSTEM32\wintypes.dll
0x00007fff56dc0000 - 0x00007fff56dd7000 	C:\Windows\system32\napinsp.dll
0x00007fff58400000 - 0x00007fff5841b000 	C:\Windows\system32\pnrpnsp.dll
0x00007fff56da0000 - 0x00007fff56dbd000 	C:\Windows\system32\wshbth.dll
0x00007fff7a910000 - 0x00007fff7a92d000 	C:\Windows\system32\NLAapi.dll
0x00007fff7d630000 - 0x00007fff7d66b000 	C:\Windows\SYSTEM32\IPHLPAPI.DLL
0x00007fff7d670000 - 0x00007fff7d73a000 	C:\Windows\SYSTEM32\DNSAPI.dll
0x00007fff7f590000 - 0x00007fff7f598000 	C:\Windows\System32\NSI.dll
0x00007fff56d80000 - 0x00007fff56d92000 	C:\Windows\System32\winrnr.dll
0x0000000051ac0000 - 0x0000000051ae6000 	C:\Program Files\Bonjour\mdnsNSP.dll
0x00007fff776a0000 - 0x00007fff776aa000 	C:\Windows\System32\rasadhlp.dll
0x00007fff76e00000 - 0x00007fff76e80000 	C:\Windows\System32\fwpuclnt.dll
0x00007fff7dba0000 - 0x00007fff7dbb8000 	C:\Windows\SYSTEM32\CRYPTSP.dll
0x00007fff7d250000 - 0x00007fff7d288000 	C:\Windows\system32\rsaenh.dll
0x00007fff7e100000 - 0x00007fff7e12e000 	C:\Windows\SYSTEM32\USERENV.dll
0x00007fff7db90000 - 0x00007fff7db9c000 	C:\Windows\SYSTEM32\CRYPTBASE.dll
0x00007fff79ec0000 - 0x00007fff79ed7000 	C:\Windows\SYSTEM32\dhcpcsvc6.DLL
0x00007fff79d30000 - 0x00007fff79d4d000 	C:\Windows\SYSTEM32\dhcpcsvc.DLL
0x00007fff6ec30000 - 0x00007fff6ec3d000 	C:\Program Files\Java\jdk-11.0.1\bin\sunmscapi.dll
0x00007fff7e6d0000 - 0x00007fff7e82d000 	C:\Windows\System32\CRYPT32.dll
0x00007fff7dcb0000 - 0x00007fff7dcd7000 	C:\Windows\SYSTEM32\ncrypt.dll
0x00007fff7dc70000 - 0x00007fff7dcab000 	C:\Windows\SYSTEM32\NTASN1.dll
0x00007fff6d7c0000 - 0x00007fff6d7e7000 	C:\Program Files\Java\jdk-11.0.1\bin\sunec.dll

dbghelp: loaded successfully - version: 4.0.5 - missing functions: none
symbol engine: initialized successfully - sym options: 0x614 - pdb path: .;C:\Program Files\Java\jdk-11.0.1\bin;C:\Windows\SYSTEM32;C:\Windows\WinSxS\amd64_microsoft.windows.common-controls_6595b64144ccf1df_6.0.19041.5794_none_60bcd33171f2783c;C:\Program Files\Java\jdk-11.0.1\bin\server;C:\ProgramData\A-Volute\A-Volute.Nahimic\Modules\Scheduled\x64;C:\Users\AD\AppData\Local\Temp\flatlaf.temp;C:\Program Files\Bonjour

VM Arguments:
java_command: QLTN.UI.HomeJFrame
java_class_path (initial): D:\UIT\KY_2\IE303_Java\ASM\Git\QuanLyTiemNet\target\classes;C:\Users\AD\.m2\repository\com\microsoft\sqlserver\mssql-jdbc\8.2.2.jre8\mssql-jdbc-8.2.2.jre8.jar;C:\Users\AD\.m2\repository\com\toedter\jcalendar\1.4\jcalendar-1.4.jar;C:\Users\AD\.m2\repository\org\netbeans\external\AbsoluteLayout\RELEASE126\AbsoluteLayout-RELEASE126.jar;C:\Users\AD\.m2\repository\unknown\binary\KControls-2.0\SNAPSHOT\KControls-2.0-SNAPSHOT.jar;C:\Users\AD\.m2\repository\unknown\binary\AnimatonClass\SNAPSHOT\AnimatonClass-SNAPSHOT.jar;C:\Users\AD\.m2\repository\org\mindrot\jbcrypt\0.4\jbcrypt-0.4.jar;C:\Users\AD\.m2\repository\unknown\binary\miglayout-4.0\SNAPSHOT\miglayout-4.0-SNAPSHOT.jar;C:\Users\AD\.m2\repository\unknown\binary\TimingFramework-0.55\SNAPSHOT\TimingFramework-0.55-SNAPSHOT.jar;C:\Users\AD\.m2\repository\org\jfree\jcommon\1.0.23\jcommon-1.0.23.jar;C:\Users\AD\.m2\repository\org\jfree\jfreechart\1.0.19\jfreechart-1.0.19.jar;C:\Users\AD\.m2\repository\unknown\binary\flatlaf-2.6\SNAPSHOT\flatlaf-2.6-SNAPSHOT.jar
Launcher Type: SUN_STANDARD

[Global flags]
     intx CICompilerCount                          = 4                                         {product} {ergonomic}
     uint ConcGCThreads                            = 3                                         {product} {ergonomic}
     uint G1ConcRefinementThreads                  = 10                                        {product} {ergonomic}
   size_t G1HeapRegionSize                         = 1048576                                   {product} {ergonomic}
    uintx GCDrainStackTargetSize                   = 64                                        {product} {ergonomic}
   size_t InitialHeapSize                          = 266338304                                 {product} {ergonomic}
   size_t MarkStackSize                            = 4194304                                   {product} {ergonomic}
   size_t MaxHeapSize                              = 4248829952                                {product} {ergonomic}
   size_t MaxNewSize                               = 2549088256                                {product} {ergonomic}
   size_t MinHeapDeltaBytes                        = 1048576                                   {product} {ergonomic}
    uintx NonNMethodCodeHeapSize                   = 5835340                                {pd product} {ergonomic}
    uintx NonProfiledCodeHeapSize                  = 122911450                              {pd product} {ergonomic}
    uintx ProfiledCodeHeapSize                     = 122911450                              {pd product} {ergonomic}
    uintx ReservedCodeCacheSize                    = 251658240                              {pd product} {ergonomic}
     bool SegmentedCodeCache                       = true                                      {product} {ergonomic}
     bool UseCompressedClassPointers               = true                                 {lp64_product} {ergonomic}
     bool UseCompressedOops                        = true                                 {lp64_product} {ergonomic}
     bool UseG1GC                                  = true                                      {product} {ergonomic}
     bool UseLargePagesIndividualAllocation        = false                                  {pd product} {ergonomic}

Logging:
Log output configuration:
 #0: stdout all=warning uptime,level,tags
 #1: stderr all=off uptime,level,tags

Environment Variables:
JAVA_HOME=C:\Program Files\Java\jdk-11.0.1
PATH=C:\Program Files (x86)\Common Files\Oracle\Java\javapath;C:\Program Files\Java\jdk-11.0.1\bin;C:\Program Files\Common Files\Oracle\Java\javapath;C:\Windows\system32;C:\Windows;C:\Windows\System32\Wbem;C:\Windows\System32\WindowsPowerShell\v1.0\;C:\Windows\System32\OpenSSH\;C:\Program Files (x86)\NVIDIA Corporation\PhysX\Common;C:\Program Files\NVIDIA Corporation\NVIDIA NvDLISR;C:\TDM-GCC-64\bin;C:\Program Files\Microsoft SQL Server\120\DTS\Binn\;C:\Program Files\Microsoft SQL Server\Client SDK\ODBC\110\Tools\Binn\;C:\Program Files (x86)\Microsoft SQL Server\120\Tools\Binn\;C:\Program Files\Microsoft SQL Server\120\Tools\Binn\;C:\Program Files (x86)\Microsoft SQL Server\120\Tools\Binn\ManagementStudio\;C:\Program Files (x86)\Microsoft SQL Server\120\DTS\Binn\;C:\Program Files\Git\cmd;C:\Program Files\nodejs\;C:\Users\AD\Downloads\sqlite3;C:\Users\AD\AppData\Local\Programs\Python\Python313\Scripts\pyuic5.exe;C:\Users\AD\AppData\Local\Programs\Python\Python313\Scripts\;C:\Users\AD\AppData\Local\Programs\Python\Python313\;C:\Users\AD\AppData\Local\Programs\Python\Launcher\;C:\Program Files\Java\jdk-11.0.1\bin;C:\Program Files\MySQL\MySQL Shell 8.0\bin\;C:\Users\AD\AppData\Local\Microsoft\WindowsApps;C:\Users\AD\AppData\Local\Programs\Microsoft VS Code\bin;C:\Users\AD\AppData\Local\GitHubDesktop\bin;C:\Users\AD\AppData\Roaming\npm;C:\Program Files\JetBrains\PyCharm 2025.1\bin;
USERNAME=AD
OS=Windows_NT
PROCESSOR_IDENTIFIER=Intel64 Family 6 Model 165 Stepping 2, GenuineIntel



---------------  S Y S T E M  ---------------

OS: Windows 10 , 64 bit Build 19041 (10.0.19041.5794)

CPU:total 12 (initial active 12) (6 cores per cpu, 2 threads per core) family 6 model 165 stepping 2, cmov, cx8, fxsr, mmx, sse, sse2, sse3, ssse3, sse4.1, sse4.2, popcnt, avx, avx2, aes, clmul, erms, 3dnowpref, lzcnt, ht, tsc, tscinvbit, bmi1, bmi2, adx, fma

Memory: 4k page, system-wide physical 16205M (3536M free)
TotalPageFile size 18253M (AvailPageFile size 84M)
current process WorkingSet (physical memory assigned to process): 149M, peak: 176M
current process commit charge ("private bytes"): 391M, peak: 429M

vm_info: Java HotSpot(TM) 64-Bit Server VM (11.0.1+13-LTS) for windows-amd64 JRE (11.0.1+13-LTS), built on Oct  6 2018 13:20:16 by "mach5one" with MS VC++ 15.5 (VS2017)

END.
