#
# There is insufficient memory for the Java Runtime Environment to continue.
# Native memory allocation (mmap) failed to map 266338304 bytes for Failed to commit area from 0x0000000702c00000 to 0x0000000712a00000 of length 266338304.
# Possible reasons:
#   The system is out of physical RAM or swap space
#   The process is running with CompressedOops enabled, and the Java Heap may be blocking the growth of the native heap
# Possible solutions:
#   Reduce memory load on the system
#   Increase physical memory or swap space
#   Check if swap backing store is full
#   Decrease Java heap size (-Xmx/-Xms)
#   Decrease number of Java threads
#   Decrease Java thread stack sizes (-Xss)
#   Set larger code cache with -XX:ReservedCodeCacheSize=
# This output file may be truncated or incomplete.
#
#  Out of Memory Error (t:/workspace/open/src/hotspot/os/windows/os_windows.cpp:3269), pid=3888, tid=6800
#
# JRE version:  (11.0.1+13) (build )
# Java VM: Java HotSpot(TM) 64-Bit Server VM (11.0.1+13-LTS, mixed mode, aot, sharing, tiered, compressed oops, g1 gc, windows-amd64)
# No core dump will be written. Minidumps are not enabled by default on client versions of Windows
#

---------------  S U M M A R Y ------------

Command Line: QLTN.UI.HomeCustomerFrame

Host: Intel(R) Core(TM) i7-10750H CPU @ 2.60GHz, 12 cores, 15G,  Windows 10 , 64 bit Build 19041 (10.0.19041.5794)
Time: Sun May 25 11:45:19 2025 SE Asia Standard Time elapsed time: 0 seconds (0d 0h 0m 0s)

---------------  T H R E A D  ---------------

Current thread (0x000002466d73e800):  JavaThread "Unknown thread" [_thread_in_vm, id=6800, stack(0x000000f04ca00000,0x000000f04cb00000)]

Stack: [0x000000f04ca00000,0x000000f04cb00000]
Native frames: (J=compiled Java code, j=interpreted, Vv=VM code, C=native code)
V  [jvm.dll+0x63c21a]
V  [jvm.dll+0x7797df]
V  [jvm.dll+0x77adca]
V  [jvm.dll+0x77b483]
V  [jvm.dll+0x2627f8]
V  [jvm.dll+0x6396ca]
V  [jvm.dll+0x62dfa5]
V  [jvm.dll+0x31699c]
V  [jvm.dll+0x316822]
V  [jvm.dll+0x31c096]
V  [jvm.dll+0x36842f]
V  [jvm.dll+0x367e50]
V  [jvm.dll+0x2f38b8]
V  [jvm.dll+0x2f4a16]
V  [jvm.dll+0x752da7]
V  [jvm.dll+0x7544ef]
V  [jvm.dll+0x375269]
V  [jvm.dll+0x7394a9]
V  [jvm.dll+0x3e467d]
V  [jvm.dll+0x3e6951]
C  [java.exe+0x3603]
C  [java.exe+0x178dc]
C  [KERNEL32.DLL+0x17374]
C  [ntdll.dll+0x4cc91]


---------------  P R O C E S S  ---------------

Threads class SMR info:
_java_thread_list=0x000002466d476e00, length=0, elements={
}

Java Threads: ( => current thread )

Other Threads:
  0x000002466d756800 GCTaskThread "GC Thread#0" [stack: 0x000000f04cb00000,0x000000f04cc00000] [id=13124]
  0x000002466d7b6800 ConcurrentGCThread "G1 Main Marker" [stack: 0x000000f04cc00000,0x000000f04cd00000] [id=2468]
  0x000002466d7b8000 ConcurrentGCThread "G1 Conc#0" [stack: 0x000000f04cd00000,0x000000f04ce00000] [id=4092]

[error occurred during error reporting (printing all threads), id 0xc0000005, EXCEPTION_ACCESS_VIOLATION (0xc0000005) at pc=0x00007ffefbe72137]

VM state:not at safepoint (not fully initialized)

VM Mutex/Monitor currently owned by a thread:  ([mutex/lock_event])
[0x000002466d73d6a0] Heap_lock - owner thread: 0x000002466d73e800

Heap address: 0x0000000702c00000, size: 4052 MB, Compressed Oops mode: Non-zero based: 0x0000000702c00000
Narrow klass base: 0x0000000000000000, Narrow klass shift: 0

GC Heap History (0 events):
No events

Deoptimization events (0 events):
No events

Classes redefined (0 events):
No events

Internal exceptions (0 events):
No events

Events (0 events):
No events


Dynamic libraries:
0x00007ff7cf9d0000 - 0x00007ff7cfa17000 	C:\Program Files\Java\jdk-11.0.1\bin\java.exe
0x00007fff80b70000 - 0x00007fff80d68000 	C:\Windows\SYSTEM32\ntdll.dll
0x00007fff7f220000 - 0x00007fff7f2e2000 	C:\Windows\System32\KERNEL32.DLL
0x00007fff7e3d0000 - 0x00007fff7e6c6000 	C:\Windows\System32\KERNELBASE.dll
0x00007fff80750000 - 0x00007fff807ff000 	C:\Windows\System32\ADVAPI32.dll
0x00007fff80800000 - 0x00007fff8089e000 	C:\Windows\System32\msvcrt.dll
0x00007fff80190000 - 0x00007fff8022f000 	C:\Windows\System32\sechost.dll
0x00007fff7f2f0000 - 0x00007fff7f413000 	C:\Windows\System32\RPCRT4.dll
0x00007fff7eb70000 - 0x00007fff7eb97000 	C:\Windows\System32\bcrypt.dll
0x00007fff7ef50000 - 0x00007fff7f0ed000 	C:\Windows\System32\USER32.dll
0x00007fff7e210000 - 0x00007fff7e232000 	C:\Windows\System32\win32u.dll
0x00007fff7ef00000 - 0x00007fff7ef2b000 	C:\Windows\System32\GDI32.dll
0x00007fff7e8d0000 - 0x00007fff7e9ea000 	C:\Windows\System32\gdi32full.dll
0x00007fff7e830000 - 0x00007fff7e8cd000 	C:\Windows\System32\msvcp_win.dll
0x00007fff7e2d0000 - 0x00007fff7e3d0000 	C:\Windows\System32\ucrtbase.dll
0x00007fff6b770000 - 0x00007fff6ba0a000 	C:\Windows\WinSxS\amd64_microsoft.windows.common-controls_6595b64144ccf1df_6.0.19041.5794_none_60bcd33171f2783c\COMCTL32.dll
0x00007fff7aea0000 - 0x00007fff7aeaa000 	C:\Windows\SYSTEM32\VERSION.dll
0x00007fff80aa0000 - 0x00007fff80acf000 	C:\Windows\System32\IMM32.DLL
0x00007fff6f400000 - 0x00007fff6f416000 	C:\Program Files\Java\jdk-11.0.1\bin\vcruntime140.dll
0x00007fff48090000 - 0x00007fff4813a000 	C:\Program Files\Java\jdk-11.0.1\bin\msvcp140.dll
0x00007ffefbb70000 - 0x00007ffefc6b2000 	C:\Program Files\Java\jdk-11.0.1\bin\server\jvm.dll
0x00007fff7f580000 - 0x00007fff7f588000 	C:\Windows\System32\PSAPI.DLL
0x00007fff6d3b0000 - 0x00007fff6d3d7000 	C:\Windows\SYSTEM32\WINMM.dll
0x00007fff6d7f0000 - 0x00007fff6d7f9000 	C:\Windows\SYSTEM32\WSOCK32.dll
0x00007fff7ff70000 - 0x00007fff7ffdb000 	C:\Windows\System32\WS2_32.dll
0x00007fff7c090000 - 0x00007fff7c0a2000 	C:\Windows\SYSTEM32\kernel.appcore.dll
0x00007fff6dc10000 - 0x00007fff6dc21000 	C:\Program Files\Java\jdk-11.0.1\bin\verify.dll
0x00007fff6ca50000 - 0x00007fff6cc51000 	C:\Windows\SYSTEM32\DBGHELP.DLL
0x00007fff67060000 - 0x00007fff67094000 	C:\Windows\SYSTEM32\dbgcore.DLL
0x00007fff7e240000 - 0x00007fff7e2c2000 	C:\Windows\System32\bcryptPrimitives.dll
0x00007fff6de30000 - 0x00007fff6de59000 	C:\Program Files\Java\jdk-11.0.1\bin\java.dll
0x00007fff6db00000 - 0x00007fff6db16000 	C:\Program Files\Java\jdk-11.0.1\bin\zip.dll
0x00007fff73a30000 - 0x00007fff73a3a000 	C:\Program Files\Java\jdk-11.0.1\bin\jimage.dll

dbghelp: loaded successfully - version: 4.0.5 - missing functions: none
symbol engine: initialized successfully - sym options: 0x614 - pdb path: .;C:\Program Files\Java\jdk-11.0.1\bin;C:\Windows\SYSTEM32;C:\Windows\WinSxS\amd64_microsoft.windows.common-controls_6595b64144ccf1df_6.0.19041.5794_none_60bcd33171f2783c;C:\Program Files\Java\jdk-11.0.1\bin\server

VM Arguments:
java_command: QLTN.UI.HomeCustomerFrame
java_class_path (initial): D:\UIT\KY_2\IE303_Java\ASM\Git\QuanLyTiemNet\target\classes;C:\Users\AD\.m2\repository\com\microsoft\sqlserver\mssql-jdbc\8.2.2.jre8\mssql-jdbc-8.2.2.jre8.jar;C:\Users\AD\.m2\repository\com\toedter\jcalendar\1.4\jcalendar-1.4.jar;C:\Users\AD\.m2\repository\org\netbeans\external\AbsoluteLayout\RELEASE126\AbsoluteLayout-RELEASE126.jar;C:\Users\AD\.m2\repository\unknown\binary\KControls-2.0\SNAPSHOT\KControls-2.0-SNAPSHOT.jar;C:\Users\AD\.m2\repository\unknown\binary\AnimatonClass\SNAPSHOT\AnimatonClass-SNAPSHOT.jar;C:\Users\AD\.m2\repository\org\mindrot\jbcrypt\0.4\jbcrypt-0.4.jar;C:\Users\AD\.m2\repository\unknown\binary\miglayout-4.0\SNAPSHOT\miglayout-4.0-SNAPSHOT.jar;C:\Users\AD\.m2\repository\unknown\binary\TimingFramework-0.55\SNAPSHOT\TimingFramework-0.55-SNAPSHOT.jar;C:\Users\AD\.m2\repository\org\jfree\jcommon\1.0.23\jcommon-1.0.23.jar;C:\Users\AD\.m2\repository\org\jfree\jfreechart\1.0.19\jfreechart-1.0.19.jar;C:\Users\AD\.m2\repository\unknown\binary\flatlaf-2.6\SNAPSHOT\flatlaf-2.6-SNAPSHOT.jar
Launcher Type: SUN_STANDARD

[Global flags]
     intx CICompilerCount                          = 4                                         {product} {ergonomic}
     uint ConcGCThreads                            = 3                                         {product} {ergonomic}
     uint G1ConcRefinementThreads                  = 10                                        {product} {ergonomic}
   size_t G1HeapRegionSize                         = 1048576                                   {product} {ergonomic}
    uintx GCDrainStackTargetSize                   = 64                                        {product} {ergonomic}
   size_t InitialHeapSize                          = 266338304                                 {product} {ergonomic}
   size_t MarkStackSize                            = 4194304                                   {product} {ergonomic}
   size_t MaxHeapSize                              = 4248829952                                {product} {ergonomic}
   size_t MinHeapDeltaBytes                        = 1048576                                   {product} {ergonomic}
    uintx NonNMethodCodeHeapSize                   = 5835340                                {pd product} {ergonomic}
    uintx NonProfiledCodeHeapSize                  = 122911450                              {pd product} {ergonomic}
    uintx ProfiledCodeHeapSize                     = 122911450                              {pd product} {ergonomic}
    uintx ReservedCodeCacheSize                    = 251658240                              {pd product} {ergonomic}
     bool SegmentedCodeCache                       = true                                      {product} {ergonomic}
     bool UseCompressedClassPointers               = true                                 {lp64_product} {ergonomic}
     bool UseCompressedOops                        = true                                 {lp64_product} {ergonomic}
     bool UseG1GC                                  = true                                      {product} {ergonomic}
     bool UseLargePagesIndividualAllocation        = false                                  {pd product} {ergonomic}

Logging:
Log output configuration:
 #0: stdout all=warning uptime,level,tags
 #1: stderr all=off uptime,level,tags

Environment Variables:
JAVA_HOME=C:\Program Files\Java\jdk-11.0.1
PATH=C:\Program Files (x86)\Common Files\Oracle\Java\javapath;C:\Program Files\Java\jdk-11.0.1\bin;C:\Program Files\Common Files\Oracle\Java\javapath;C:\Windows\system32;C:\Windows;C:\Windows\System32\Wbem;C:\Windows\System32\WindowsPowerShell\v1.0\;C:\Windows\System32\OpenSSH\;C:\Program Files (x86)\NVIDIA Corporation\PhysX\Common;C:\Program Files\NVIDIA Corporation\NVIDIA NvDLISR;C:\TDM-GCC-64\bin;C:\Program Files\Microsoft SQL Server\120\DTS\Binn\;C:\Program Files\Microsoft SQL Server\Client SDK\ODBC\110\Tools\Binn\;C:\Program Files (x86)\Microsoft SQL Server\120\Tools\Binn\;C:\Program Files\Microsoft SQL Server\120\Tools\Binn\;C:\Program Files (x86)\Microsoft SQL Server\120\Tools\Binn\ManagementStudio\;C:\Program Files (x86)\Microsoft SQL Server\120\DTS\Binn\;C:\Program Files\Git\cmd;C:\Program Files\nodejs\;C:\Users\AD\Downloads\sqlite3;C:\Users\AD\AppData\Local\Programs\Python\Python313\Scripts\pyuic5.exe;C:\Users\AD\AppData\Local\Programs\Python\Python313\Scripts\;C:\Users\AD\AppData\Local\Programs\Python\Python313\;C:\Users\AD\AppData\Local\Programs\Python\Launcher\;C:\Program Files\MySQL\MySQL Shell 8.0\bin\;C:\Users\AD\AppData\Local\Microsoft\WindowsApps;C:\Users\AD\AppData\Local\Programs\Microsoft VS Code\bin;C:\Users\AD\AppData\Local\GitHubDesktop\bin;C:\Users\AD\AppData\Roaming\npm;C:\Program Files\JetBrains\PyCharm 2025.1\bin
USERNAME=AD
OS=Windows_NT
PROCESSOR_IDENTIFIER=Intel64 Family 6 Model 165 Stepping 2, GenuineIntel



---------------  S Y S T E M  ---------------

OS: Windows 10 , 64 bit Build 19041 (10.0.19041.5794)

CPU:total 12 (initial active 12) (6 cores per cpu, 2 threads per core) family 6 model 165 stepping 2, cmov, cx8, fxsr, mmx, sse, sse2, sse3, ssse3, sse4.1, sse4.2, popcnt, avx, avx2, aes, clmul, erms, 3dnowpref, lzcnt, ht, tsc, tscinvbit, bmi1, bmi2, adx, fma

Memory: 4k page, system-wide physical 16205M (4645M free)
TotalPageFile size 18253M (AvailPageFile size 45M)
current process WorkingSet (physical memory assigned to process): 10M, peak: 10M
current process commit charge ("private bytes"): 64M, peak: 318M

vm_info: Java HotSpot(TM) 64-Bit Server VM (11.0.1+13-LTS) for windows-amd64 JRE (11.0.1+13-LTS), built on Oct  6 2018 13:20:16 by "mach5one" with MS VC++ 15.5 (VS2017)

END.
