#
# There is insufficient memory for the Java Runtime Environment to continue.
# Native memory allocation (mmap) failed to map 266338304 bytes for Failed to commit area from 0x0000000702c00000 to 0x0000000712a00000 of length 266338304.
# Possible reasons:
#   The system is out of physical RAM or swap space
#   The process is running with CompressedOops enabled, and the Java Heap may be blocking the growth of the native heap
# Possible solutions:
#   Reduce memory load on the system
#   Increase physical memory or swap space
#   Check if swap backing store is full
#   Decrease Java heap size (-Xmx/-Xms)
#   Decrease number of Java threads
#   Decrease Java thread stack sizes (-Xss)
#   Set larger code cache with -XX:ReservedCodeCacheSize=
# This output file may be truncated or incomplete.
#
#  Out of Memory Error (t:/workspace/open/src/hotspot/os/windows/os_windows.cpp:3269), pid=15400, tid=5124
#
# JRE version:  (11.0.1+13) (build )
# Java VM: Java HotSpot(TM) 64-Bit Server VM (11.0.1+13-LTS, mixed mode, aot, sharing, tiered, compressed oops, g1 gc, windows-amd64)
# No core dump will be written. Minidumps are not enabled by default on client versions of Windows
#

---------------  S U M M A R Y ------------

Command Line: QLTN.UI.LoginCustomerJDialog

Host: Intel(R) Core(TM) i7-10750H CPU @ 2.60GHz, 12 cores, 15G,  Windows 10 , 64 bit Build 19041 (10.0.19041.5794)
Time: Fri May 23 20:21:08 2025 SE Asia Standard Time elapsed time: 0 seconds (0d 0h 0m 0s)

---------------  T H R E A D  ---------------

Current thread (0x0000029e828bc800):  JavaThread "Unknown thread" [_thread_in_vm, id=5124, stack(0x000000c572900000,0x000000c572a00000)]

Stack: [0x000000c572900000,0x000000c572a00000]
Native frames: (J=compiled Java code, j=interpreted, Vv=VM code, C=native code)
V  [jvm.dll+0x63c21a]
V  [jvm.dll+0x7797df]
V  [jvm.dll+0x77adca]
V  [jvm.dll+0x77b483]
V  [jvm.dll+0x2627f8]
V  [jvm.dll+0x6396ca]
V  [jvm.dll+0x62dfa5]
V  [jvm.dll+0x31699c]
V  [jvm.dll+0x316822]
V  [jvm.dll+0x31c096]
V  [jvm.dll+0x36842f]
V  [jvm.dll+0x367e50]
V  [jvm.dll+0x2f38b8]
V  [jvm.dll+0x2f4a16]
V  [jvm.dll+0x752da7]
V  [jvm.dll+0x7544ef]
V  [jvm.dll+0x375269]
V  [jvm.dll+0x7394a9]
V  [jvm.dll+0x3e467d]
V  [jvm.dll+0x3e6951]
C  [java.exe+0x3603]
C  [java.exe+0x178dc]
C  [KERNEL32.DLL+0x17374]
C  [ntdll.dll+0x4cc91]


---------------  P R O C E S S  ---------------

Threads class SMR info:
_java_thread_list=0x0000029e806e83e0, length=0, elements={
}

Java Threads: ( => current thread )

Other Threads:
  0x0000029e828d5000 GCTaskThread "GC Thread#0" [stack: 0x000000c572a00000,0x000000c572b00000] [id=11096]
  0x0000029e82933000 ConcurrentGCThread "G1 Main Marker" [stack: 0x000000c572b00000,0x000000c572c00000] [id=19036]
  0x0000029e82935000 ConcurrentGCThread "G1 Conc#0" [stack: 0x000000c572c00000,0x000000c572d00000] [id=10936]

[error occurred during error reporting (printing all threads), id 0xc0000005, EXCEPTION_ACCESS_VIOLATION (0xc0000005) at pc=0x00007ffcbc3c2137]

VM state:not at safepoint (not fully initialized)

VM Mutex/Monitor currently owned by a thread:  ([mutex/lock_event])
[0x0000029e828b9640] Heap_lock - owner thread: 0x0000029e828bc800

Heap address: 0x0000000702c00000, size: 4052 MB, Compressed Oops mode: Non-zero based: 0x0000000702c00000
Narrow klass base: 0x0000000000000000, Narrow klass shift: 0

GC Heap History (0 events):
No events

Deoptimization events (0 events):
No events

Classes redefined (0 events):
No events

Internal exceptions (0 events):
No events

Events (0 events):
No events


Dynamic libraries:
0x00007ff72f5d0000 - 0x00007ff72f617000 	C:\Program Files\Java\jdk-11.0.1\bin\java.exe
0x00007ffd639f0000 - 0x00007ffd63be8000 	C:\Windows\SYSTEM32\ntdll.dll
0x00007ffd634b0000 - 0x00007ffd63572000 	C:\Windows\System32\KERNEL32.DLL
0x00007ffd61210000 - 0x00007ffd61506000 	C:\Windows\System32\KERNELBASE.dll
0x00007ffd63900000 - 0x00007ffd639af000 	C:\Windows\System32\ADVAPI32.dll
0x00007ffd631a0000 - 0x00007ffd6323e000 	C:\Windows\System32\msvcrt.dll
0x00007ffd61a20000 - 0x00007ffd61abf000 	C:\Windows\System32\sechost.dll
0x00007ffd63240000 - 0x00007ffd63363000 	C:\Windows\System32\RPCRT4.dll
0x00007ffd619a0000 - 0x00007ffd619c7000 	C:\Windows\System32\bcrypt.dll
0x00007ffd62600000 - 0x00007ffd6279d000 	C:\Windows\System32\USER32.dll
0x00007ffd611e0000 - 0x00007ffd61202000 	C:\Windows\System32\win32u.dll
0x00007ffd63790000 - 0x00007ffd637bb000 	C:\Windows\System32\GDI32.dll
0x00007ffd617f0000 - 0x00007ffd6190a000 	C:\Windows\System32\gdi32full.dll
0x00007ffd61140000 - 0x00007ffd611dd000 	C:\Windows\System32\msvcp_win.dll
0x00007ffd61670000 - 0x00007ffd61770000 	C:\Windows\System32\ucrtbase.dll
0x00007ffd4b240000 - 0x00007ffd4b4da000 	C:\Windows\WinSxS\amd64_microsoft.windows.common-controls_6595b64144ccf1df_6.0.19041.5794_none_60bcd33171f2783c\COMCTL32.dll
0x00007ffd5cfb0000 - 0x00007ffd5cfba000 	C:\Windows\SYSTEM32\VERSION.dll
0x00007ffd61b80000 - 0x00007ffd61baf000 	C:\Windows\System32\IMM32.DLL
0x00007ffd55b50000 - 0x00007ffd55b66000 	C:\Program Files\Java\jdk-11.0.1\bin\vcruntime140.dll
0x00007ffd26c30000 - 0x00007ffd26cda000 	C:\Program Files\Java\jdk-11.0.1\bin\msvcp140.dll
0x00007ffcbc0c0000 - 0x00007ffcbcc02000 	C:\Program Files\Java\jdk-11.0.1\bin\server\jvm.dll
0x00007ffd61b70000 - 0x00007ffd61b78000 	C:\Windows\System32\PSAPI.DLL
0x00007ffd4dc90000 - 0x00007ffd4dcb7000 	C:\Windows\SYSTEM32\WINMM.dll
0x00007ffd47e60000 - 0x00007ffd47e69000 	C:\Windows\SYSTEM32\WSOCK32.dll
0x00007ffd630c0000 - 0x00007ffd6312b000 	C:\Windows\System32\WS2_32.dll
0x00007ffd5ef10000 - 0x00007ffd5ef22000 	C:\Windows\SYSTEM32\kernel.appcore.dll
0x00007ffd559a0000 - 0x00007ffd559b1000 	C:\Program Files\Java\jdk-11.0.1\bin\verify.dll
0x00007ffd4d330000 - 0x00007ffd4d531000 	C:\Windows\SYSTEM32\DBGHELP.DLL
0x00007ffd478f0000 - 0x00007ffd47924000 	C:\Windows\SYSTEM32\dbgcore.DLL
0x00007ffd61910000 - 0x00007ffd61992000 	C:\Windows\System32\bcryptPrimitives.dll
0x00007ffd55b00000 - 0x00007ffd55b29000 	C:\Program Files\Java\jdk-11.0.1\bin\java.dll
0x00007ffd55750000 - 0x00007ffd55766000 	C:\Program Files\Java\jdk-11.0.1\bin\zip.dll
0x00007ffd5c520000 - 0x00007ffd5c52a000 	C:\Program Files\Java\jdk-11.0.1\bin\jimage.dll

dbghelp: loaded successfully - version: 4.0.5 - missing functions: none
symbol engine: initialized successfully - sym options: 0x614 - pdb path: .;C:\Program Files\Java\jdk-11.0.1\bin;C:\Windows\SYSTEM32;C:\Windows\WinSxS\amd64_microsoft.windows.common-controls_6595b64144ccf1df_6.0.19041.5794_none_60bcd33171f2783c;C:\Program Files\Java\jdk-11.0.1\bin\server

VM Arguments:
java_command: QLTN.UI.LoginCustomerJDialog
java_class_path (initial): D:\UIT\KY_2\IE303_Java\ASM\Git\QuanLyTiemNet\target\classes;C:\Users\AD\.m2\repository\com\microsoft\sqlserver\mssql-jdbc\8.2.2.jre8\mssql-jdbc-8.2.2.jre8.jar;C:\Users\AD\.m2\repository\com\toedter\jcalendar\1.4\jcalendar-1.4.jar;C:\Users\AD\.m2\repository\org\netbeans\external\AbsoluteLayout\RELEASE126\AbsoluteLayout-RELEASE126.jar;C:\Users\AD\.m2\repository\unknown\binary\KControls-2.0\SNAPSHOT\KControls-2.0-SNAPSHOT.jar;C:\Users\AD\.m2\repository\unknown\binary\AnimatonClass\SNAPSHOT\AnimatonClass-SNAPSHOT.jar;C:\Users\AD\.m2\repository\org\mindrot\jbcrypt\0.4\jbcrypt-0.4.jar;C:\Users\AD\.m2\repository\unknown\binary\miglayout-4.0\SNAPSHOT\miglayout-4.0-SNAPSHOT.jar;C:\Users\AD\.m2\repository\unknown\binary\TimingFramework-0.55\SNAPSHOT\TimingFramework-0.55-SNAPSHOT.jar;C:\Users\AD\.m2\repository\org\jfree\jcommon\1.0.23\jcommon-1.0.23.jar;C:\Users\AD\.m2\repository\org\jfree\jfreechart\1.0.19\jfreechart-1.0.19.jar;C:\Users\AD\.m2\repository\unknown\binary\flatlaf-2.6\SNAPSHOT\flatlaf-2.6-SNAPSHOT.jar
Launcher Type: SUN_STANDARD

[Global flags]
     intx CICompilerCount                          = 4                                         {product} {ergonomic}
     uint ConcGCThreads                            = 3                                         {product} {ergonomic}
     uint G1ConcRefinementThreads                  = 10                                        {product} {ergonomic}
   size_t G1HeapRegionSize                         = 1048576                                   {product} {ergonomic}
    uintx GCDrainStackTargetSize                   = 64                                        {product} {ergonomic}
   size_t InitialHeapSize                          = 266338304                                 {product} {ergonomic}
   size_t MarkStackSize                            = 4194304                                   {product} {ergonomic}
   size_t MaxHeapSize                              = 4248829952                                {product} {ergonomic}
   size_t MinHeapDeltaBytes                        = 1048576                                   {product} {ergonomic}
    uintx NonNMethodCodeHeapSize                   = 5835340                                {pd product} {ergonomic}
    uintx NonProfiledCodeHeapSize                  = 122911450                              {pd product} {ergonomic}
    uintx ProfiledCodeHeapSize                     = 122911450                              {pd product} {ergonomic}
    uintx ReservedCodeCacheSize                    = 251658240                              {pd product} {ergonomic}
     bool SegmentedCodeCache                       = true                                      {product} {ergonomic}
     bool UseCompressedClassPointers               = true                                 {lp64_product} {ergonomic}
     bool UseCompressedOops                        = true                                 {lp64_product} {ergonomic}
     bool UseG1GC                                  = true                                      {product} {ergonomic}
     bool UseLargePagesIndividualAllocation        = false                                  {pd product} {ergonomic}

Logging:
Log output configuration:
 #0: stdout all=warning uptime,level,tags
 #1: stderr all=off uptime,level,tags

Environment Variables:
JAVA_HOME=C:\Program Files\Java\jdk-11.0.1
PATH=C:\Program Files (x86)\Common Files\Oracle\Java\javapath;C:\Program Files\Java\jdk-11.0.1\bin;C:\Program Files\Common Files\Oracle\Java\javapath;C:\Windows\system32;C:\Windows;C:\Windows\System32\Wbem;C:\Windows\System32\WindowsPowerShell\v1.0\;C:\Windows\System32\OpenSSH\;C:\Program Files (x86)\NVIDIA Corporation\PhysX\Common;C:\Program Files\NVIDIA Corporation\NVIDIA NvDLISR;C:\TDM-GCC-64\bin;C:\Program Files\Microsoft SQL Server\120\DTS\Binn\;C:\Program Files\Microsoft SQL Server\Client SDK\ODBC\110\Tools\Binn\;C:\Program Files (x86)\Microsoft SQL Server\120\Tools\Binn\;C:\Program Files\Microsoft SQL Server\120\Tools\Binn\;C:\Program Files (x86)\Microsoft SQL Server\120\Tools\Binn\ManagementStudio\;C:\Program Files (x86)\Microsoft SQL Server\120\DTS\Binn\;C:\Program Files\Git\cmd;C:\Program Files\nodejs\;C:\Users\AD\Downloads\sqlite3;C:\Users\AD\AppData\Local\Programs\Python\Python313\Scripts\pyuic5.exe;C:\Users\AD\AppData\Local\Programs\Python\Python313\Scripts\;C:\Users\AD\AppData\Local\Programs\Python\Python313\;C:\Users\AD\AppData\Local\Programs\Python\Launcher\;C:\Program Files\Java\jdk-11.0.1\bin;C:\Program Files\MySQL\MySQL Shell 8.0\bin\;C:\Users\AD\AppData\Local\Microsoft\WindowsApps;C:\Users\AD\AppData\Local\Programs\Microsoft VS Code\bin;C:\Users\AD\AppData\Local\GitHubDesktop\bin;C:\Users\AD\AppData\Roaming\npm;C:\Program Files\JetBrains\PyCharm 2025.1\bin;
USERNAME=AD
OS=Windows_NT
PROCESSOR_IDENTIFIER=Intel64 Family 6 Model 165 Stepping 2, GenuineIntel



---------------  S Y S T E M  ---------------

OS: Windows 10 , 64 bit Build 19041 (10.0.19041.5794)

CPU:total 12 (initial active 12) (6 cores per cpu, 2 threads per core) family 6 model 165 stepping 2, cmov, cx8, fxsr, mmx, sse, sse2, sse3, ssse3, sse4.1, sse4.2, popcnt, avx, avx2, aes, clmul, erms, 3dnowpref, lzcnt, ht, tsc, tscinvbit, bmi1, bmi2, adx, fma

Memory: 4k page, system-wide physical 16205M (4801M free)
TotalPageFile size 18253M (AvailPageFile size 257M)
current process WorkingSet (physical memory assigned to process): 10M, peak: 10M
current process commit charge ("private bytes"): 64M, peak: 318M

vm_info: Java HotSpot(TM) 64-Bit Server VM (11.0.1+13-LTS) for windows-amd64 JRE (11.0.1+13-LTS), built on Oct  6 2018 13:20:16 by "mach5one" with MS VC++ 15.5 (VS2017)

END.
